=====================================================================================
Removing folder PROCUREMENT and creating new one...
Removing folder RDTE and creating new one...
=====================================================================================
Preparing to download files...
Creating folder /Users/jobrieniii/dod-2018-basebudget-justification-books/PROCUREMENT/2018/NAVY_AIRCRAFT_BA1-4
-------------------------------------------------------------------------------------
Getting http://www.secnav.navy.mil/fmc/fmb/Documents/18pres/APN_BA1-4_BOOK.pdf and putting into folder /Users/jobrieniii/dod-2018-basebudget-justification-books/PROCUREMENT/2018/NAVY_AIRCRAFT_BA1-4...
curl --url http://www.secnav.navy.mil/fmc/fmb/Documents/18pres/APN_BA1-4_BOOK.pdf --output /Users/jobrieniii/dod-2018-basebudget-justification-books/PROCUREMENT/2018/NAVY_AIRCRAFT_BA1-4/APN_BA1-4_BOOK.pdf
-------------------------------------------------------------------------------------
----FILE SUCCESSFULLY DOWNLOADED (3620594)----
-------------------------------------------------------------------------------------
Extracting attachments from /Users/jobrieniii/dod-2018-basebudget-justification-books/PROCUREMENT/2018/NAVY_AIRCRAFT_BA1-4/APN_BA1-4_BOOK.pdf...
Unzipping U_PROCUREMENT_JustificationBook_Navy_PB_2018.zzz...
Unzipping U_PROCUREMENT_MasterJustificationBook_Navy_PB_2018.zzz...
=====================================================================================
Creating folder /Users/jobrieniii/dod-2018-basebudget-justification-books/PROCUREMENT/2018/NAVY_AIRCRAFT_BA5
-------------------------------------------------------------------------------------
Getting http://www.secnav.navy.mil/fmc/fmb/Documents/18pres/APN_BA5_BOOK.pdf and putting into folder /Users/jobrieniii/dod-2018-basebudget-justification-books/PROCUREMENT/2018/NAVY_AIRCRAFT_BA5...
curl --url http://www.secnav.navy.mil/fmc/fmb/Documents/18pres/APN_BA5_BOOK.pdf --output /Users/jobrieniii/dod-2018-basebudget-justification-books/PROCUREMENT/2018/NAVY_AIRCRAFT_BA5/APN_BA5_BOOK.pdf
-------------------------------------------------------------------------------------
----FILE SUCCESSFULLY DOWNLOADED (6750198)----
-------------------------------------------------------------------------------------
Extracting attachments from /Users/jobrieniii/dod-2018-basebudget-justification-books/PROCUREMENT/2018/NAVY_AIRCRAFT_BA5/APN_BA5_BOOK.pdf...
Unzipping U_PROCUREMENT_JustificationBook_Navy_PB_2018.zzz...
Unzipping U_PROCUREMENT_MasterJustificationBook_Navy_PB_2018.zzz...
=====================================================================================
Creating folder /Users/jobrieniii/dod-2018-basebudget-justification-books/PROCUREMENT/2018/NAVY_AIRCRAFT_BA6
-------------------------------------------------------------------------------------
Getting http://www.secnav.navy.mil/fmc/fmb/Documents/18pres/APN_BA6_BOOK.pdf and putting into folder /Users/jobrieniii/dod-2018-basebudget-justification-books/PROCUREMENT/2018/NAVY_AIRCRAFT_BA6...
curl --url http://www.secnav.navy.mil/fmc/fmb/Documents/18pres/APN_BA6_BOOK.pdf --output /Users/jobrieniii/dod-2018-basebudget-justification-books/PROCUREMENT/2018/NAVY_AIRCRAFT_BA6/APN_BA6_BOOK.pdf
-------------------------------------------------------------------------------------
----FILE SUCCESSFULLY DOWNLOADED (2393945)----
-------------------------------------------------------------------------------------
Extracting attachments from /Users/jobrieniii/dod-2018-basebudget-justification-books/PROCUREMENT/2018/NAVY_AIRCRAFT_BA6/APN_BA6_BOOK.pdf...
Unzipping U_PROCUREMENT_JustificationBook_Navy_PB_2018.zzz...
Unzipping U_PROCUREMENT_MasterJustificationBook_Navy_PB_2018.zzz...
=====================================================================================
Creating folder /Users/jobrieniii/dod-2018-basebudget-justification-books/PROCUREMENT/2018/NAVY_AIRCRAFT_BA7
-------------------------------------------------------------------------------------
Getting http://www.secnav.navy.mil/fmc/fmb/Documents/18pres/APN_BA7_BOOK.pdf and putting into folder /Users/jobrieniii/dod-2018-basebudget-justification-books/PROCUREMENT/2018/NAVY_AIRCRAFT_BA7...
curl --url http://www.secnav.navy.mil/fmc/fmb/Documents/18pres/APN_BA7_BOOK.pdf --output /Users/jobrieniii/dod-2018-basebudget-justification-books/PROCUREMENT/2018/NAVY_AIRCRAFT_BA7/APN_BA7_BOOK.pdf
-------------------------------------------------------------------------------------
----FILE SUCCESSFULLY DOWNLOADED (2723617)----
-------------------------------------------------------------------------------------
Extracting attachments from /Users/jobrieniii/dod-2018-basebudget-justification-books/PROCUREMENT/2018/NAVY_AIRCRAFT_BA7/APN_BA7_BOOK.pdf...
Unzipping U_PROCUREMENT_JustificationBook_Navy_PB_2018.zzz...
Unzipping U_PROCUREMENT_MasterJustificationBook_Navy_PB_2018.zzz...
=====================================================================================
Creating folder /Users/jobrieniii/dod-2018-basebudget-justification-books/PROCUREMENT/2018/NAVY_WEAPONS
-------------------------------------------------------------------------------------
Getting http://www.secnav.navy.mil/fmc/fmb/Documents/18pres/WPN_BOOK.PDF and putting into folder /Users/jobrieniii/dod-2018-basebudget-justification-books/PROCUREMENT/2018/NAVY_WEAPONS...
curl --url http://www.secnav.navy.mil/fmc/fmb/Documents/18pres/WPN_BOOK.PDF --output /Users/jobrieniii/dod-2018-basebudget-justification-books/PROCUREMENT/2018/NAVY_WEAPONS/WPN_BOOK.PDF
-------------------------------------------------------------------------------------
----FILE SUCCESSFULLY DOWNLOADED (4220365)----
-------------------------------------------------------------------------------------
Extracting attachments from /Users/jobrieniii/dod-2018-basebudget-justification-books/PROCUREMENT/2018/NAVY_WEAPONS/WPN_BOOK.PDF...
Unzipping U_PROCUREMENT_JustificationBook_Navy_PB_2018.zzz...
Unzipping U_PROCUREMENT_MasterJustificationBook_Navy_PB_2018.zzz...
=====================================================================================
Creating folder /Users/jobrieniii/dod-2018-basebudget-justification-books/PROCUREMENT/2018/NAVY_OTHER_BA1
-------------------------------------------------------------------------------------
Getting http://www.secnav.navy.mil/fmc/fmb/Documents/18pres/OPN_BA1_BOOK.pdf and putting into folder /Users/jobrieniii/dod-2018-basebudget-justification-books/PROCUREMENT/2018/NAVY_OTHER_BA1...
curl --url http://www.secnav.navy.mil/fmc/fmb/Documents/18pres/OPN_BA1_BOOK.pdf --output /Users/jobrieniii/dod-2018-basebudget-justification-books/PROCUREMENT/2018/NAVY_OTHER_BA1/OPN_BA1_BOOK.pdf
-------------------------------------------------------------------------------------
----FILE SUCCESSFULLY DOWNLOADED (6028771)----
-------------------------------------------------------------------------------------
Extracting attachments from /Users/jobrieniii/dod-2018-basebudget-justification-books/PROCUREMENT/2018/NAVY_OTHER_BA1/OPN_BA1_BOOK.pdf...
Unzipping U_PROCUREMENT_JustificationBook_Navy_PB_2018.zzz...
Unzipping U_PROCUREMENT_MasterJustificationBook_Navy_PB_2018.zzz...
=====================================================================================
Creating folder /Users/jobrieniii/dod-2018-basebudget-justification-books/PROCUREMENT/2018/NAVY_OTHER_BA2
-------------------------------------------------------------------------------------
Getting http://www.secnav.navy.mil/fmc/fmb/Documents/18pres/OPN_BA2_BOOK.pdf and putting into folder /Users/jobrieniii/dod-2018-basebudget-justification-books/PROCUREMENT/2018/NAVY_OTHER_BA2...
curl --url http://www.secnav.navy.mil/fmc/fmb/Documents/18pres/OPN_BA2_BOOK.pdf --output /Users/jobrieniii/dod-2018-basebudget-justification-books/PROCUREMENT/2018/NAVY_OTHER_BA2/OPN_BA2_BOOK.pdf
-------------------------------------------------------------------------------------
----FILE SUCCESSFULLY DOWNLOADED (6703050)----
-------------------------------------------------------------------------------------
Extracting attachments from /Users/jobrieniii/dod-2018-basebudget-justification-books/PROCUREMENT/2018/NAVY_OTHER_BA2/OPN_BA2_BOOK.pdf...
Unzipping U_PROCUREMENT_JustificationBook_Navy_PB_2018.zzz...
Unzipping U_PROCUREMENT_MasterJustificationBook_Navy_PB_2018.zzz...
=====================================================================================
Creating folder /Users/jobrieniii/dod-2018-basebudget-justification-books/PROCUREMENT/2018/NAVY_OTHER_BA3
-------------------------------------------------------------------------------------
Getting http://www.secnav.navy.mil/fmc/fmb/Documents/18pres/OPN_BA3_BOOK.pdf and putting into folder /Users/jobrieniii/dod-2018-basebudget-justification-books/PROCUREMENT/2018/NAVY_OTHER_BA3...
curl --url http://www.secnav.navy.mil/fmc/fmb/Documents/18pres/OPN_BA3_BOOK.pdf --output /Users/jobrieniii/dod-2018-basebudget-justification-books/PROCUREMENT/2018/NAVY_OTHER_BA3/OPN_BA3_BOOK.pdf
-------------------------------------------------------------------------------------
----FILE SUCCESSFULLY DOWNLOADED (4024531)----
-------------------------------------------------------------------------------------
Extracting attachments from /Users/jobrieniii/dod-2018-basebudget-justification-books/PROCUREMENT/2018/NAVY_OTHER_BA3/OPN_BA3_BOOK.pdf...
Unzipping U_PROCUREMENT_JustificationBook_Navy_PB_2018.zzz...
Unzipping U_PROCUREMENT_MasterJustificationBook_Navy_PB_2018.zzz...
=====================================================================================
Creating folder /Users/jobrieniii/dod-2018-basebudget-justification-books/PROCUREMENT/2018/NAVY_OTHER_BA4
-------------------------------------------------------------------------------------
Getting http://www.secnav.navy.mil/fmc/fmb/Documents/18pres/OPN_BA4_BOOK.pdf and putting into folder /Users/jobrieniii/dod-2018-basebudget-justification-books/PROCUREMENT/2018/NAVY_OTHER_BA4...
curl --url http://www.secnav.navy.mil/fmc/fmb/Documents/18pres/OPN_BA4_BOOK.pdf --output /Users/jobrieniii/dod-2018-basebudget-justification-books/PROCUREMENT/2018/NAVY_OTHER_BA4/OPN_BA4_BOOK.pdf
-------------------------------------------------------------------------------------
----FILE SUCCESSFULLY DOWNLOADED (4188205)----
-------------------------------------------------------------------------------------
Extracting attachments from /Users/jobrieniii/dod-2018-basebudget-justification-books/PROCUREMENT/2018/NAVY_OTHER_BA4/OPN_BA4_BOOK.pdf...
Unzipping U_PROCUREMENT_JustificationBook_Navy_PB_2018.zzz...
Unzipping U_PROCUREMENT_MasterJustificationBook_Navy_PB_2018.zzz...
=====================================================================================
Creating folder /Users/jobrieniii/dod-2018-basebudget-justification-books/PROCUREMENT/2018/NAVY_OTHER_BA5-8
-------------------------------------------------------------------------------------
Getting http://www.secnav.navy.mil/fmc/fmb/Documents/18pres/OPN_BA_5-8_Book.pdf and putting into folder /Users/jobrieniii/dod-2018-basebudget-justification-books/PROCUREMENT/2018/NAVY_OTHER_BA5-8...
curl --url http://www.secnav.navy.mil/fmc/fmb/Documents/18pres/OPN_BA_5-8_Book.pdf --output /Users/jobrieniii/dod-2018-basebudget-justification-books/PROCUREMENT/2018/NAVY_OTHER_BA5-8/OPN_BA_5-8_Book.pdf
-------------------------------------------------------------------------------------
----FILE SUCCESSFULLY DOWNLOADED (4200038)----
-------------------------------------------------------------------------------------
Extracting attachments from /Users/jobrieniii/dod-2018-basebudget-justification-books/PROCUREMENT/2018/NAVY_OTHER_BA5-8/OPN_BA_5-8_Book.pdf...
Unzipping U_PROCUREMENT_JustificationBook_Navy_PB_2018.zzz...
Unzipping U_PROCUREMENT_MasterJustificationBook_Navy_PB_2018.zzz...
=====================================================================================
Creating folder /Users/jobrieniii/dod-2018-basebudget-justification-books/PROCUREMENT/2018/NAVY_SHIPBUILDINGANDCOVERSION
-------------------------------------------------------------------------------------
Getting http://www.secnav.navy.mil/fmc/fmb/Documents/18pres/SCN_BOOK.pdf and putting into folder /Users/jobrieniii/dod-2018-basebudget-justification-books/PROCUREMENT/2018/NAVY_SHIPBUILDINGANDCOVERSION...
curl --url http://www.secnav.navy.mil/fmc/fmb/Documents/18pres/SCN_BOOK.pdf --output /Users/jobrieniii/dod-2018-basebudget-justification-books/PROCUREMENT/2018/NAVY_SHIPBUILDINGANDCOVERSION/SCN_BOOK.pdf
-------------------------------------------------------------------------------------
----FILE SUCCESSFULLY DOWNLOADED (2945573)----
-------------------------------------------------------------------------------------
Extracting attachments from /Users/jobrieniii/dod-2018-basebudget-justification-books/PROCUREMENT/2018/NAVY_SHIPBUILDINGANDCOVERSION/SCN_BOOK.pdf...
Unzipping U_PROCUREMENT_JustificationBook_Navy_PB_2018.zzz...
Unzipping U_PROCUREMENT_MasterJustificationBook_Navy_PB_2018.zzz...
=====================================================================================
Creating folder /Users/jobrieniii/dod-2018-basebudget-justification-books/PROCUREMENT/2018/NAVY_MARINECORPS
-------------------------------------------------------------------------------------
Getting http://www.secnav.navy.mil/fmc/fmb/Documents/18pres/PMC_Book.pdf and putting into folder /Users/jobrieniii/dod-2018-basebudget-justification-books/PROCUREMENT/2018/NAVY_MARINECORPS...
curl --url http://www.secnav.navy.mil/fmc/fmb/Documents/18pres/PMC_Book.pdf --output /Users/jobrieniii/dod-2018-basebudget-justification-books/PROCUREMENT/2018/NAVY_MARINECORPS/PMC_Book.pdf
-------------------------------------------------------------------------------------
----FILE SUCCESSFULLY DOWNLOADED (3741121)----
-------------------------------------------------------------------------------------
Extracting attachments from /Users/jobrieniii/dod-2018-basebudget-justification-books/PROCUREMENT/2018/NAVY_MARINECORPS/PMC_Book.pdf...
Unzipping U_PROCUREMENT_JustificationBook_Navy_PB_2018.zzz...
Unzipping U_PROCUREMENT_MasterJustificationBook_Navy_PB_2018.zzz...
=====================================================================================
Creating folder /Users/jobrieniii/dod-2018-basebudget-justification-books/PROCUREMENT/2018/NAVY_AMMUNITION_VOL
-------------------------------------------------------------------------------------
Getting http://www.secnav.navy.mil/fmc/fmb/Documents/18pres/PANMC_BOOK.pdf and putting into folder /Users/jobrieniii/dod-2018-basebudget-justification-books/PROCUREMENT/2018/NAVY_AMMUNITION_VOL...
curl --url http://www.secnav.navy.mil/fmc/fmb/Documents/18pres/PANMC_BOOK.pdf --output /Users/jobrieniii/dod-2018-basebudget-justification-books/PROCUREMENT/2018/NAVY_AMMUNITION_VOL/PANMC_BOOK.pdf
-------------------------------------------------------------------------------------
----FILE SUCCESSFULLY DOWNLOADED (2764357)----
-------------------------------------------------------------------------------------
Extracting attachments from /Users/jobrieniii/dod-2018-basebudget-justification-books/PROCUREMENT/2018/NAVY_AMMUNITION_VOL/PANMC_BOOK.pdf...
Unzipping U_PROCUREMENT_JustificationBook_Navy_PB_2018.zzz...
Unzipping U_PROCUREMENT_MasterJustificationBook_Navy_PB_2018.zzz...
=====================================================================================
Creating folder /Users/jobrieniii/dod-2018-basebudget-justification-books/PROCUREMENT/2018/AIRFORCE_AIRCRAFT_VOL1
-------------------------------------------------------------------------------------
Getting http://www.saffm.hq.af.mil/Portals/84/documents/Air%20Force%20Aircraft%20Procurement%20Vol%20I%20FY18.pdf?ver=2017-05-23-155339-030 and putting into folder /Users/jobrieniii/dod-2018-basebudget-justification-books/PROCUREMENT/2018/AIRFORCE_AIRCRAFT_VOL1...
curl --url http://www.saffm.hq.af.mil/Portals/84/documents/Air%20Force%20Aircraft%20Procurement%20Vol%20I%20FY18.pdf?ver=2017-05-23-155339-030 --output /Users/jobrieniii/dod-2018-basebudget-justification-books/PROCUREMENT/2018/AIRFORCE_AIRCRAFT_VOL1/Air%20Force%20Aircraft%20Procurement%20Vol%20I%20FY18.pdf?ver=2017-05-23-155339-030
-------------------------------------------------------------------------------------
----FILE SUCCESSFULLY DOWNLOADED (5491655)----
-------------------------------------------------------------------------------------
=====================================================================================
Creating folder /Users/jobrieniii/dod-2018-basebudget-justification-books/PROCUREMENT/2018/AIRFORCE_AIRCRAFT_VOL2
-------------------------------------------------------------------------------------
Getting http://www.saffm.hq.af.mil/Portals/84/documents/Air%20Force%20Aircraft%20Procurement%20Vol%20II%20Mods%20FY18.pdf?ver=2017-05-23-155415-950 and putting into folder /Users/jobrieniii/dod-2018-basebudget-justification-books/PROCUREMENT/2018/AIRFORCE_AIRCRAFT_VOL2...
curl --url http://www.saffm.hq.af.mil/Portals/84/documents/Air%20Force%20Aircraft%20Procurement%20Vol%20II%20Mods%20FY18.pdf?ver=2017-05-23-155415-950 --output /Users/jobrieniii/dod-2018-basebudget-justification-books/PROCUREMENT/2018/AIRFORCE_AIRCRAFT_VOL2/Air%20Force%20Aircraft%20Procurement%20Vol%20II%20Mods%20FY18.pdf?ver=2017-05-23-155415-950
-------------------------------------------------------------------------------------
----FILE SUCCESSFULLY DOWNLOADED (6649751)----
-------------------------------------------------------------------------------------
=====================================================================================
Creating folder /Users/jobrieniii/dod-2018-basebudget-justification-books/PROCUREMENT/2018/AIRFORCE_AMMUNITION
-------------------------------------------------------------------------------------
Getting http://www.saffm.hq.af.mil/Portals/84/documents/Air%20Force%20Ammunition%20Procurement%20FY18.pdf?ver=2017-05-23-155448-013 and putting into folder /Users/jobrieniii/dod-2018-basebudget-justification-books/PROCUREMENT/2018/AIRFORCE_AMMUNITION...
curl --url http://www.saffm.hq.af.mil/Portals/84/documents/Air%20Force%20Ammunition%20Procurement%20FY18.pdf?ver=2017-05-23-155448-013 --output /Users/jobrieniii/dod-2018-basebudget-justification-books/PROCUREMENT/2018/AIRFORCE_AMMUNITION/Air%20Force%20Ammunition%20Procurement%20FY18.pdf?ver=2017-05-23-155448-013
-------------------------------------------------------------------------------------
----FILE SUCCESSFULLY DOWNLOADED (3118273)----
-------------------------------------------------------------------------------------
=====================================================================================
Creating folder /Users/jobrieniii/dod-2018-basebudget-justification-books/PROCUREMENT/2018/AIRFORCE_MISSILE
-------------------------------------------------------------------------------------
Getting http://www.saffm.hq.af.mil/Portals/84/documents/Air%20Force%20Missile%20Procurement%20FY18.pdf?ver=2017-05-23-155519-093 and putting into folder /Users/jobrieniii/dod-2018-basebudget-justification-books/PROCUREMENT/2018/AIRFORCE_MISSILE...
curl --url http://www.saffm.hq.af.mil/Portals/84/documents/Air%20Force%20Missile%20Procurement%20FY18.pdf?ver=2017-05-23-155519-093 --output /Users/jobrieniii/dod-2018-basebudget-justification-books/PROCUREMENT/2018/AIRFORCE_MISSILE/Air%20Force%20Missile%20Procurement%20FY18.pdf?ver=2017-05-23-155519-093
-------------------------------------------------------------------------------------
----FILE SUCCESSFULLY DOWNLOADED (3131881)----
-------------------------------------------------------------------------------------
=====================================================================================
Creating folder /Users/jobrieniii/dod-2018-basebudget-justification-books/PROCUREMENT/2018/AIRFORCE_SPACE
-------------------------------------------------------------------------------------
Getting http://www.saffm.hq.af.mil/Portals/84/documents/Air%20Force%20Space%20Procurement%20FY18.pdf?ver=2017-05-23-155547-107 and putting into folder /Users/jobrieniii/dod-2018-basebudget-justification-books/PROCUREMENT/2018/AIRFORCE_SPACE...
curl --url http://www.saffm.hq.af.mil/Portals/84/documents/Air%20Force%20Space%20Procurement%20FY18.pdf?ver=2017-05-23-155547-107 --output /Users/jobrieniii/dod-2018-basebudget-justification-books/PROCUREMENT/2018/AIRFORCE_SPACE/Air%20Force%20Space%20Procurement%20FY18.pdf?ver=2017-05-23-155547-107
-------------------------------------------------------------------------------------
----FILE SUCCESSFULLY DOWNLOADED (3055967)----
-------------------------------------------------------------------------------------
=====================================================================================
Creating folder /Users/jobrieniii/dod-2018-basebudget-justification-books/PROCUREMENT/2018/AIRFORCE_OTHER
-------------------------------------------------------------------------------------
Getting http://www.saffm.hq.af.mil/Portals/84/documents/Air%20Force%20Other%20Procurement%20FY18.pdf?ver=2017-05-23-155618-187 and putting into folder /Users/jobrieniii/dod-2018-basebudget-justification-books/PROCUREMENT/2018/AIRFORCE_OTHER...
curl --url http://www.saffm.hq.af.mil/Portals/84/documents/Air%20Force%20Other%20Procurement%20FY18.pdf?ver=2017-05-23-155618-187 --output /Users/jobrieniii/dod-2018-basebudget-justification-books/PROCUREMENT/2018/AIRFORCE_OTHER/Air%20Force%20Other%20Procurement%20FY18.pdf?ver=2017-05-23-155618-187
-------------------------------------------------------------------------------------
----FILE SUCCESSFULLY DOWNLOADED (6188138)----
-------------------------------------------------------------------------------------
=====================================================================================
Creating folder /Users/jobrieniii/dod-2018-basebudget-justification-books/PROCUREMENT/2018/ARMY_AIRCRAFT
-------------------------------------------------------------------------------------
Getting https://www.asafm.army.mil/documents/BudgetMaterial/fy2018/aircraft.pdf and putting into folder /Users/jobrieniii/dod-2018-basebudget-justification-books/PROCUREMENT/2018/ARMY_AIRCRAFT...
curl --url https://www.asafm.army.mil/documents/BudgetMaterial/fy2018/aircraft.pdf --output /Users/jobrieniii/dod-2018-basebudget-justification-books/PROCUREMENT/2018/ARMY_AIRCRAFT/aircraft.pdf
-------------------------------------------------------------------------------------
----FILE SUCCESSFULLY DOWNLOADED (4211245)----
-------------------------------------------------------------------------------------
Extracting attachments from /Users/jobrieniii/dod-2018-basebudget-justification-books/PROCUREMENT/2018/ARMY_AIRCRAFT/aircraft.pdf...
Unzipping U_PROCUREMENT_JustificationBook_Army_PB_2018.zzz...
=====================================================================================
Creating folder /Users/jobrieniii/dod-2018-basebudget-justification-books/PROCUREMENT/2018/ARMY_MISSLE
-------------------------------------------------------------------------------------
Getting https://www.asafm.army.mil/documents/BudgetMaterial/fy2018/missiles.pdf and putting into folder /Users/jobrieniii/dod-2018-basebudget-justification-books/PROCUREMENT/2018/ARMY_MISSLE...
curl --url https://www.asafm.army.mil/documents/BudgetMaterial/fy2018/missiles.pdf --output /Users/jobrieniii/dod-2018-basebudget-justification-books/PROCUREMENT/2018/ARMY_MISSLE/missiles.pdf
-------------------------------------------------------------------------------------
----FILE SUCCESSFULLY DOWNLOADED (2517899)----
-------------------------------------------------------------------------------------
Extracting attachments from /Users/jobrieniii/dod-2018-basebudget-justification-books/PROCUREMENT/2018/ARMY_MISSLE/missiles.pdf...
Unzipping U_PROCUREMENT_JustificationBook_Army_PB_2018.zzz...
=====================================================================================
Creating folder /Users/jobrieniii/dod-2018-basebudget-justification-books/PROCUREMENT/2018/ARMY_WTCV
-------------------------------------------------------------------------------------
Getting https://www.asafm.army.mil/documents/BudgetMaterial/fy2018/wtcv.pdf and putting into folder /Users/jobrieniii/dod-2018-basebudget-justification-books/PROCUREMENT/2018/ARMY_WTCV...
curl --url https://www.asafm.army.mil/documents/BudgetMaterial/fy2018/wtcv.pdf --output /Users/jobrieniii/dod-2018-basebudget-justification-books/PROCUREMENT/2018/ARMY_WTCV/wtcv.pdf
-------------------------------------------------------------------------------------
----FILE SUCCESSFULLY DOWNLOADED (2900024)----
-------------------------------------------------------------------------------------
Extracting attachments from /Users/jobrieniii/dod-2018-basebudget-justification-books/PROCUREMENT/2018/ARMY_WTCV/wtcv.pdf...
Unzipping U_PROCUREMENT_JustificationBook_Army_PB_2018.zzz...
=====================================================================================
Creating folder /Users/jobrieniii/dod-2018-basebudget-justification-books/PROCUREMENT/2018/ARMY_AMMO
-------------------------------------------------------------------------------------
Getting https://www.asafm.army.mil/documents/BudgetMaterial/fy2018/ammo.pdf and putting into folder /Users/jobrieniii/dod-2018-basebudget-justification-books/PROCUREMENT/2018/ARMY_AMMO...
curl --url https://www.asafm.army.mil/documents/BudgetMaterial/fy2018/ammo.pdf --output /Users/jobrieniii/dod-2018-basebudget-justification-books/PROCUREMENT/2018/ARMY_AMMO/ammo.pdf
-------------------------------------------------------------------------------------
----FILE SUCCESSFULLY DOWNLOADED (5000267)----
-------------------------------------------------------------------------------------
Extracting attachments from /Users/jobrieniii/dod-2018-basebudget-justification-books/PROCUREMENT/2018/ARMY_AMMO/ammo.pdf...
Unzipping U_PROCUREMENT_JustificationBook_Army_PB_2018.zzz...
=====================================================================================
Creating folder /Users/jobrieniii/dod-2018-basebudget-justification-books/PROCUREMENT/2018/ARMY_OTHER_1
-------------------------------------------------------------------------------------
Getting https://www.asafm.army.mil/documents/BudgetMaterial/fy2018/opa1.pdf and putting into folder /Users/jobrieniii/dod-2018-basebudget-justification-books/PROCUREMENT/2018/ARMY_OTHER_1...
curl --url https://www.asafm.army.mil/documents/BudgetMaterial/fy2018/opa1.pdf --output /Users/jobrieniii/dod-2018-basebudget-justification-books/PROCUREMENT/2018/ARMY_OTHER_1/opa1.pdf
-------------------------------------------------------------------------------------
----FILE SUCCESSFULLY DOWNLOADED (3579060)----
-------------------------------------------------------------------------------------
Extracting attachments from /Users/jobrieniii/dod-2018-basebudget-justification-books/PROCUREMENT/2018/ARMY_OTHER_1/opa1.pdf...
Unzipping U_PROCUREMENT_JustificationBook_Army_PB_2018.zzz...
=====================================================================================
Creating folder /Users/jobrieniii/dod-2018-basebudget-justification-books/PROCUREMENT/2018/ARMY_OTHER_2
-------------------------------------------------------------------------------------
Getting https://www.asafm.army.mil/documents/BudgetMaterial/FY2018/opa2.pdf and putting into folder /Users/jobrieniii/dod-2018-basebudget-justification-books/PROCUREMENT/2018/ARMY_OTHER_2...
curl --url https://www.asafm.army.mil/documents/BudgetMaterial/FY2018/opa2.pdf --output /Users/jobrieniii/dod-2018-basebudget-justification-books/PROCUREMENT/2018/ARMY_OTHER_2/opa2.pdf
-------------------------------------------------------------------------------------
----FILE SUCCESSFULLY DOWNLOADED (6607231)----
-------------------------------------------------------------------------------------
Extracting attachments from /Users/jobrieniii/dod-2018-basebudget-justification-books/PROCUREMENT/2018/ARMY_OTHER_2/opa2.pdf...
Unzipping U_PROCUREMENT_JustificationBook_Army_PB_2018.zzz...
=====================================================================================
Creating folder /Users/jobrieniii/dod-2018-basebudget-justification-books/PROCUREMENT/2018/ARMY_OTHER_3
-------------------------------------------------------------------------------------
Getting https://www.asafm.army.mil/documents/BudgetMaterial/FY2018/OPA3.pdf and putting into folder /Users/jobrieniii/dod-2018-basebudget-justification-books/PROCUREMENT/2018/ARMY_OTHER_3...
curl --url https://www.asafm.army.mil/documents/BudgetMaterial/FY2018/OPA3.pdf --output /Users/jobrieniii/dod-2018-basebudget-justification-books/PROCUREMENT/2018/ARMY_OTHER_3/OPA3.pdf
-------------------------------------------------------------------------------------
----FILE SUCCESSFULLY DOWNLOADED (5817995)----
-------------------------------------------------------------------------------------
Extracting attachments from /Users/jobrieniii/dod-2018-basebudget-justification-books/PROCUREMENT/2018/ARMY_OTHER_3/OPA3.pdf...
Unzipping U_PROCUREMENT_JustificationBook_Army_PB_2018.zzz...
=====================================================================================
Creating folder /Users/jobrieniii/dod-2018-basebudget-justification-books/PROCUREMENT/2018/ARMY_OTHER_4
-------------------------------------------------------------------------------------
Getting https://www.asafm.army.mil/documents/BudgetMaterial/FY2018/opa4.pdf and putting into folder /Users/jobrieniii/dod-2018-basebudget-justification-books/PROCUREMENT/2018/ARMY_OTHER_4...
curl --url https://www.asafm.army.mil/documents/BudgetMaterial/FY2018/opa4.pdf --output /Users/jobrieniii/dod-2018-basebudget-justification-books/PROCUREMENT/2018/ARMY_OTHER_4/opa4.pdf
-------------------------------------------------------------------------------------
----FILE SUCCESSFULLY DOWNLOADED (2745228)----
-------------------------------------------------------------------------------------
Extracting attachments from /Users/jobrieniii/dod-2018-basebudget-justification-books/PROCUREMENT/2018/ARMY_OTHER_4/opa4.pdf...
Unzipping U_PROCUREMENT_JustificationBook_Army_PB_2018.zzz...
=====================================================================================
Creating folder /Users/jobrieniii/dod-2018-basebudget-justification-books/PROCUREMENT/2018/DEFENSE_VOL1_ALL
-------------------------------------------------------------------------------------
Getting http://comptroller.defense.gov/Portals/45/Documents/defbudget/FY2018/budget_justification/pdfs/02_Procurement/U_PROCUREMENT_MasterJustificationBook_Defense-Wide_PB_2018_v4.pdf and putting into folder /Users/jobrieniii/dod-2018-basebudget-justification-books/PROCUREMENT/2018/DEFENSE_VOL1_ALL...
curl --url http://comptroller.defense.gov/Portals/45/Documents/defbudget/FY2018/budget_justification/pdfs/02_Procurement/U_PROCUREMENT_MasterJustificationBook_Defense-Wide_PB_2018_v4.pdf --output /Users/jobrieniii/dod-2018-basebudget-justification-books/PROCUREMENT/2018/DEFENSE_VOL1_ALL/U_PROCUREMENT_MasterJustificationBook_Defense-Wide_PB_2018_v4.pdf
-------------------------------------------------------------------------------------
----FILE SUCCESSFULLY DOWNLOADED (52786456)----
-------------------------------------------------------------------------------------
Extracting attachments from /Users/jobrieniii/dod-2018-basebudget-justification-books/PROCUREMENT/2018/DEFENSE_VOL1_ALL/U_PROCUREMENT_MasterJustificationBook_Defense-Wide_PB_2018_v4.pdf...
Unzipping U_PROCUREMENT_MasterJustificationBook_Defense-Wide_PB_2018.zzz...
=====================================================================================
Creating folder /Users/jobrieniii/dod-2018-basebudget-justification-books/PROCUREMENT/2018/DEFENSE_CBDP
-------------------------------------------------------------------------------------
Getting http://comptroller.defense.gov/Portals/45/Documents/defbudget/FY2018/budget_justification/pdfs/02_Procurement/CBDP_0300D_FY18_PB_v2.pdf and putting into folder /Users/jobrieniii/dod-2018-basebudget-justification-books/PROCUREMENT/2018/DEFENSE_CBDP...
curl --url http://comptroller.defense.gov/Portals/45/Documents/defbudget/FY2018/budget_justification/pdfs/02_Procurement/CBDP_0300D_FY18_PB_v2.pdf --output /Users/jobrieniii/dod-2018-basebudget-justification-books/PROCUREMENT/2018/DEFENSE_CBDP/CBDP_0300D_FY18_PB_v2.pdf
-------------------------------------------------------------------------------------
----FILE SUCCESSFULLY DOWNLOADED (3341110)----
-------------------------------------------------------------------------------------
Extracting attachments from /Users/jobrieniii/dod-2018-basebudget-justification-books/PROCUREMENT/2018/DEFENSE_CBDP/CBDP_0300D_FY18_PB_v2.pdf...
Unzipping U_PROCUREMENT_JustificationBook_Chemical_and_Biological_Defense_Program_PB_2018.zzz...
Unzipping U_PROCUREMENT_MasterJustificationBook_Chemical_and_Biological_Defense_Program_PB_2018.zzz...
=====================================================================================
Creating folder /Users/jobrieniii/dod-2018-basebudget-justification-books/PROCUREMENT/2018/DEFENSE_DCAA
-------------------------------------------------------------------------------------
Getting http://comptroller.defense.gov/Portals/45/Documents/defbudget/FY2018/budget_justification/pdfs/02_Procurement/DCAA_0300D_FY18_PB_v2.pdf and putting into folder /Users/jobrieniii/dod-2018-basebudget-justification-books/PROCUREMENT/2018/DEFENSE_DCAA...
curl --url http://comptroller.defense.gov/Portals/45/Documents/defbudget/FY2018/budget_justification/pdfs/02_Procurement/DCAA_0300D_FY18_PB_v2.pdf --output /Users/jobrieniii/dod-2018-basebudget-justification-books/PROCUREMENT/2018/DEFENSE_DCAA/DCAA_0300D_FY18_PB_v2.pdf
-------------------------------------------------------------------------------------
----FILE SUCCESSFULLY DOWNLOADED (950746)----
-------------------------------------------------------------------------------------
Extracting attachments from /Users/jobrieniii/dod-2018-basebudget-justification-books/PROCUREMENT/2018/DEFENSE_DCAA/DCAA_0300D_FY18_PB_v2.pdf...
Unzipping U_PROCUREMENT_JustificationBook_Defense_Contract_Audit_Agency_PB_2018.zzz...
Unzipping U_PROCUREMENT_MasterJustificationBook_Defense_Contract_Audit_Agency_PB_2018.zzz...
=====================================================================================
Creating folder /Users/jobrieniii/dod-2018-basebudget-justification-books/PROCUREMENT/2018/DEFENSE_DCMA
-------------------------------------------------------------------------------------
Getting http://comptroller.defense.gov/Portals/45/Documents/defbudget/FY2018/budget_justification/pdfs/02_Procurement/DCMA_0300D_FY18_PB_v2.pdf and putting into folder /Users/jobrieniii/dod-2018-basebudget-justification-books/PROCUREMENT/2018/DEFENSE_DCMA...
curl --url http://comptroller.defense.gov/Portals/45/Documents/defbudget/FY2018/budget_justification/pdfs/02_Procurement/DCMA_0300D_FY18_PB_v2.pdf --output /Users/jobrieniii/dod-2018-basebudget-justification-books/PROCUREMENT/2018/DEFENSE_DCMA/DCMA_0300D_FY18_PB_v2.pdf
-------------------------------------------------------------------------------------
----FILE SUCCESSFULLY DOWNLOADED (3667792)----
-------------------------------------------------------------------------------------
Extracting attachments from /Users/jobrieniii/dod-2018-basebudget-justification-books/PROCUREMENT/2018/DEFENSE_DCMA/DCMA_0300D_FY18_PB_v2.pdf...
Unzipping U_PROCUREMENT_JustificationBook_Defense_Contract_Management_Agency_PB_2018.zzz...
Unzipping U_PROCUREMENT_MasterJustificationBook_Defense_Contract_Management_Agency_PB_2018.zzz...
=====================================================================================
Creating folder /Users/jobrieniii/dod-2018-basebudget-justification-books/PROCUREMENT/2018/DEFENSE_DHRA
-------------------------------------------------------------------------------------
Getting http://comptroller.defense.gov/Portals/45/Documents/defbudget/FY2018/budget_justification/pdfs/02_Procurement/DHRA_0300D_FY18_PB.pdf and putting into folder /Users/jobrieniii/dod-2018-basebudget-justification-books/PROCUREMENT/2018/DEFENSE_DHRA...
curl --url http://comptroller.defense.gov/Portals/45/Documents/defbudget/FY2018/budget_justification/pdfs/02_Procurement/DHRA_0300D_FY18_PB.pdf --output /Users/jobrieniii/dod-2018-basebudget-justification-books/PROCUREMENT/2018/DEFENSE_DHRA/DHRA_0300D_FY18_PB.pdf
-------------------------------------------------------------------------------------
----FILE SUCCESSFULLY DOWNLOADED (3377368)----
-------------------------------------------------------------------------------------
Extracting attachments from /Users/jobrieniii/dod-2018-basebudget-justification-books/PROCUREMENT/2018/DEFENSE_DHRA/DHRA_0300D_FY18_PB.pdf...
Unzipping U_PROCUREMENT_JustificationBook_DoD_Human_Resources_Activity_PB_2018.zzz...
Unzipping U_PROCUREMENT_MasterJustificationBook_DoD_Human_Resources_Activity_PB_2018.zzz...
=====================================================================================
Creating folder /Users/jobrieniii/dod-2018-basebudget-justification-books/PROCUREMENT/2018/DEFENSE_DISA
-------------------------------------------------------------------------------------
Getting http://comptroller.defense.gov/Portals/45/Documents/defbudget/FY2018/budget_justification/pdfs/02_Procurement/DISA_0300D_FY18_PB_v2.pdf and putting into folder /Users/jobrieniii/dod-2018-basebudget-justification-books/PROCUREMENT/2018/DEFENSE_DISA...
curl --url http://comptroller.defense.gov/Portals/45/Documents/defbudget/FY2018/budget_justification/pdfs/02_Procurement/DISA_0300D_FY18_PB_v2.pdf --output /Users/jobrieniii/dod-2018-basebudget-justification-books/PROCUREMENT/2018/DEFENSE_DISA/DISA_0300D_FY18_PB_v2.pdf
-------------------------------------------------------------------------------------
----FILE SUCCESSFULLY DOWNLOADED (1563881)----
-------------------------------------------------------------------------------------
Extracting attachments from /Users/jobrieniii/dod-2018-basebudget-justification-books/PROCUREMENT/2018/DEFENSE_DISA/DISA_0300D_FY18_PB_v2.pdf...
Unzipping U_PROCUREMENT_JustificationBook_Defense_Information_Systems_Agency_PB_2018.zzz...
Unzipping U_PROCUREMENT_MasterJustificationBook_Defense_Information_Systems_Agency_PB_2018.zzz...
=====================================================================================
Creating folder /Users/jobrieniii/dod-2018-basebudget-justification-books/PROCUREMENT/2018/DEFENSE_DLA
-------------------------------------------------------------------------------------
Getting http://comptroller.defense.gov/Portals/45/Documents/defbudget/FY2018/budget_justification/pdfs/02_Procurement/DLA_0300D_FY18_PB_v2.pdf and putting into folder /Users/jobrieniii/dod-2018-basebudget-justification-books/PROCUREMENT/2018/DEFENSE_DLA...
curl --url http://comptroller.defense.gov/Portals/45/Documents/defbudget/FY2018/budget_justification/pdfs/02_Procurement/DLA_0300D_FY18_PB_v2.pdf --output /Users/jobrieniii/dod-2018-basebudget-justification-books/PROCUREMENT/2018/DEFENSE_DLA/DLA_0300D_FY18_PB_v2.pdf
-------------------------------------------------------------------------------------
----FILE SUCCESSFULLY DOWNLOADED (1243883)----
-------------------------------------------------------------------------------------
Extracting attachments from /Users/jobrieniii/dod-2018-basebudget-justification-books/PROCUREMENT/2018/DEFENSE_DLA/DLA_0300D_FY18_PB_v2.pdf...
Unzipping U_PROCUREMENT_JustificationBook_Defense_Logistics_Agency_PB_2018.zzz...
Unzipping U_PROCUREMENT_MasterJustificationBook_Defense_Logistics_Agency_PB_2018.zzz...
=====================================================================================
Creating folder /Users/jobrieniii/dod-2018-basebudget-justification-books/PROCUREMENT/2018/DEFENSE_DMACT
-------------------------------------------------------------------------------------
Getting http://comptroller.defense.gov/Portals/45/Documents/defbudget/FY2018/budget_justification/pdfs/02_Procurement/DMA_0300D_FY18_PB.pdf and putting into folder /Users/jobrieniii/dod-2018-basebudget-justification-books/PROCUREMENT/2018/DEFENSE_DMACT...
curl --url http://comptroller.defense.gov/Portals/45/Documents/defbudget/FY2018/budget_justification/pdfs/02_Procurement/DMA_0300D_FY18_PB.pdf --output /Users/jobrieniii/dod-2018-basebudget-justification-books/PROCUREMENT/2018/DEFENSE_DMACT/DMA_0300D_FY18_PB.pdf
-------------------------------------------------------------------------------------
----FILE SUCCESSFULLY DOWNLOADED (1015817)----
-------------------------------------------------------------------------------------
Extracting attachments from /Users/jobrieniii/dod-2018-basebudget-justification-books/PROCUREMENT/2018/DEFENSE_DMACT/DMA_0300D_FY18_PB.pdf...
Unzipping U_PROCUREMENT_JustificationBook_Defense_Media_Activity_PB_2018.zzz...
Unzipping U_PROCUREMENT_MasterJustificationBook_Defense_Media_Activity_PB_2018.zzz...
=====================================================================================
Creating folder /Users/jobrieniii/dod-2018-basebudget-justification-books/PROCUREMENT/2018/DEFENSE_DODEA
-------------------------------------------------------------------------------------
Getting http://comptroller.defense.gov/Portals/45/Documents/defbudget/FY2018/budget_justification/pdfs/02_Procurement/DoDEA_0300D_FY18_PB_v2.pdf and putting into folder /Users/jobrieniii/dod-2018-basebudget-justification-books/PROCUREMENT/2018/DEFENSE_DODEA...
curl --url http://comptroller.defense.gov/Portals/45/Documents/defbudget/FY2018/budget_justification/pdfs/02_Procurement/DoDEA_0300D_FY18_PB_v2.pdf --output /Users/jobrieniii/dod-2018-basebudget-justification-books/PROCUREMENT/2018/DEFENSE_DODEA/DoDEA_0300D_FY18_PB_v2.pdf
-------------------------------------------------------------------------------------
----FILE SUCCESSFULLY DOWNLOADED (1093703)----
-------------------------------------------------------------------------------------
Extracting attachments from /Users/jobrieniii/dod-2018-basebudget-justification-books/PROCUREMENT/2018/DEFENSE_DODEA/DoDEA_0300D_FY18_PB_v2.pdf...
Unzipping U_PROCUREMENT_JustificationBook_Department_of_Defense_Education_Activity_PB_2018.zzz...
Unzipping U_PROCUREMENT_MasterJustificationBook_Department_of_Defense_Education_Activity_PB_2018.zzz...
=====================================================================================
Creating folder /Users/jobrieniii/dod-2018-basebudget-justification-books/PROCUREMENT/2018/DEFENSE_DPAP
-------------------------------------------------------------------------------------
Getting http://comptroller.defense.gov/Portals/45/Documents/defbudget/FY2018/budget_justification/pdfs/02_Procurement/DPA_0360D_FY18_PB_v2.pdf and putting into folder /Users/jobrieniii/dod-2018-basebudget-justification-books/PROCUREMENT/2018/DEFENSE_DPAP...
curl --url http://comptroller.defense.gov/Portals/45/Documents/defbudget/FY2018/budget_justification/pdfs/02_Procurement/DPA_0360D_FY18_PB_v2.pdf --output /Users/jobrieniii/dod-2018-basebudget-justification-books/PROCUREMENT/2018/DEFENSE_DPAP/DPA_0360D_FY18_PB_v2.pdf
-------------------------------------------------------------------------------------
----FILE SUCCESSFULLY DOWNLOADED (1207221)----
-------------------------------------------------------------------------------------
Extracting attachments from /Users/jobrieniii/dod-2018-basebudget-justification-books/PROCUREMENT/2018/DEFENSE_DPAP/DPA_0360D_FY18_PB_v2.pdf...
Unzipping U_PROCUREMENT_JustificationBook_Office_of_the_Secretary_Of_Defense_PB_2018.zzz...
Unzipping U_PROCUREMENT_MasterJustificationBook_Office_of_the_Secretary_Of_Defense_PB_2018.zzz...
=====================================================================================
Creating folder /Users/jobrieniii/dod-2018-basebudget-justification-books/PROCUREMENT/2018/DEFENSE_DPAA
-------------------------------------------------------------------------------------
Getting http://comptroller.defense.gov/Portals/45/Documents/defbudget/FY2018/budget_justification/pdfs/02_Procurement/DPAA_0300D_FY18_PB.pdf and putting into folder /Users/jobrieniii/dod-2018-basebudget-justification-books/PROCUREMENT/2018/DEFENSE_DPAA...
curl --url http://comptroller.defense.gov/Portals/45/Documents/defbudget/FY2018/budget_justification/pdfs/02_Procurement/DPAA_0300D_FY18_PB.pdf --output /Users/jobrieniii/dod-2018-basebudget-justification-books/PROCUREMENT/2018/DEFENSE_DPAA/DPAA_0300D_FY18_PB.pdf
-------------------------------------------------------------------------------------
----FILE SUCCESSFULLY DOWNLOADED (3310961)----
-------------------------------------------------------------------------------------
Extracting attachments from /Users/jobrieniii/dod-2018-basebudget-justification-books/PROCUREMENT/2018/DEFENSE_DPAA/DPAA_0300D_FY18_PB.pdf...
Unzipping U_PROCUREMENT_JustificationBook_Defense_POW_MIA_Accounting_Agency_PB_2018.zzz...
Unzipping U_PROCUREMENT_MasterJustificationBook_Defense_POW_MIA_Accounting_Agency_PB_2018.zzz...
=====================================================================================
Creating folder /Users/jobrieniii/dod-2018-basebudget-justification-books/PROCUREMENT/2018/DEFENSE_DSS
-------------------------------------------------------------------------------------
Getting http://comptroller.defense.gov/Portals/45/Documents/defbudget/FY2018/budget_justification/pdfs/02_Procurement/DSS_0300D_FY18_PB_v2.pdf and putting into folder /Users/jobrieniii/dod-2018-basebudget-justification-books/PROCUREMENT/2018/DEFENSE_DSS...
curl --url http://comptroller.defense.gov/Portals/45/Documents/defbudget/FY2018/budget_justification/pdfs/02_Procurement/DSS_0300D_FY18_PB_v2.pdf --output /Users/jobrieniii/dod-2018-basebudget-justification-books/PROCUREMENT/2018/DEFENSE_DSS/DSS_0300D_FY18_PB_v2.pdf
-------------------------------------------------------------------------------------
----FILE SUCCESSFULLY DOWNLOADED (839628)----
-------------------------------------------------------------------------------------
Extracting attachments from /Users/jobrieniii/dod-2018-basebudget-justification-books/PROCUREMENT/2018/DEFENSE_DSS/DSS_0300D_FY18_PB_v2.pdf...
Unzipping U_PROCUREMENT_JustificationBook_Defense_Security_Service_PB_2018.zzz...
Unzipping U_PROCUREMENT_MasterJustificationBook_Defense_Security_Service_PB_2018.zzz...
=====================================================================================
Creating folder /Users/jobrieniii/dod-2018-basebudget-justification-books/PROCUREMENT/2018/DEFENSE_DTRA
-------------------------------------------------------------------------------------
Getting http://comptroller.defense.gov/Portals/45/Documents/defbudget/FY2018/budget_justification/pdfs/02_Procurement/DTRA_0300D_FY18_PB_v3.pdf and putting into folder /Users/jobrieniii/dod-2018-basebudget-justification-books/PROCUREMENT/2018/DEFENSE_DTRA...
curl --url http://comptroller.defense.gov/Portals/45/Documents/defbudget/FY2018/budget_justification/pdfs/02_Procurement/DTRA_0300D_FY18_PB_v3.pdf --output /Users/jobrieniii/dod-2018-basebudget-justification-books/PROCUREMENT/2018/DEFENSE_DTRA/DTRA_0300D_FY18_PB_v3.pdf
-------------------------------------------------------------------------------------
----FILE SUCCESSFULLY DOWNLOADED (6925499)----
-------------------------------------------------------------------------------------
Extracting attachments from /Users/jobrieniii/dod-2018-basebudget-justification-books/PROCUREMENT/2018/DEFENSE_DTRA/DTRA_0300D_FY18_PB_v3.pdf...
Unzipping U_PROCUREMENT_JustificationBook_Defense_Threat_Reduction_Agency_PB_2018.zzz...
Unzipping U_PROCUREMENT_MasterJustificationBook_Defense_Threat_Reduction_Agency_PB_2018.zzz...
=====================================================================================
Creating folder /Users/jobrieniii/dod-2018-basebudget-justification-books/PROCUREMENT/2018/DEFENSE_JUONF
-------------------------------------------------------------------------------------
Getting http://comptroller.defense.gov/Portals/45/Documents/defbudget/FY2018/budget_justification/pdfs/02_Procurement/JUONS_0303D_PB18J-Book_Final_17May17.pdf and putting into folder /Users/jobrieniii/dod-2018-basebudget-justification-books/PROCUREMENT/2018/DEFENSE_JUONF...
curl --url http://comptroller.defense.gov/Portals/45/Documents/defbudget/FY2018/budget_justification/pdfs/02_Procurement/JUONS_0303D_PB18J-Book_Final_17May17.pdf --output /Users/jobrieniii/dod-2018-basebudget-justification-books/PROCUREMENT/2018/DEFENSE_JUONF/JUONS_0303D_PB18J-Book_Final_17May17.pdf
-------------------------------------------------------------------------------------
----FILE SUCCESSFULLY DOWNLOADED (3023564)----
-------------------------------------------------------------------------------------
Extracting attachments from /Users/jobrieniii/dod-2018-basebudget-justification-books/PROCUREMENT/2018/DEFENSE_JUONF/JUONS_0303D_PB18J-Book_Final_17May17.pdf...
Unzipping U_PROCUREMENT_JustificationBook_Joint_Urgent_Operational_Needs_Fund_PB_2018.zzz...
Unzipping U_PROCUREMENT_MasterJustificationBook_Joint_Urgent_Operational_Needs_Fund_PB_2018.zzz...
=====================================================================================
Creating folder /Users/jobrieniii/dod-2018-basebudget-justification-books/PROCUREMENT/2018/DEFENSE_OSD
-------------------------------------------------------------------------------------
Getting http://comptroller.defense.gov/Portals/45/Documents/defbudget/FY2018/budget_justification/pdfs/02_Procurement/OSD_0300D_FY18_PB_FINAL.pdf and putting into folder /Users/jobrieniii/dod-2018-basebudget-justification-books/PROCUREMENT/2018/DEFENSE_OSD...
curl --url http://comptroller.defense.gov/Portals/45/Documents/defbudget/FY2018/budget_justification/pdfs/02_Procurement/OSD_0300D_FY18_PB_FINAL.pdf --output /Users/jobrieniii/dod-2018-basebudget-justification-books/PROCUREMENT/2018/DEFENSE_OSD/OSD_0300D_FY18_PB_FINAL.pdf
-------------------------------------------------------------------------------------
----FILE SUCCESSFULLY DOWNLOADED (1423521)----
-------------------------------------------------------------------------------------
Extracting attachments from /Users/jobrieniii/dod-2018-basebudget-justification-books/PROCUREMENT/2018/DEFENSE_OSD/OSD_0300D_FY18_PB_FINAL.pdf...
Unzipping U_PROCUREMENT_JustificationBook_Office_of_the_Secretary_Of_Defense_PB_2018.zzz...
Unzipping U_PROCUREMENT_MasterJustificationBook_Office_of_the_Secretary_Of_Defense_PB_2018.zzz...
=====================================================================================
Creating folder /Users/jobrieniii/dod-2018-basebudget-justification-books/PROCUREMENT/2018/DEFENSE_SOCOM
-------------------------------------------------------------------------------------
Getting http://comptroller.defense.gov/Portals/45/Documents/defbudget/FY2018/budget_justification/pdfs/02_Procurement/SOCOM_0300D_FY18_B_3.pdf and putting into folder /Users/jobrieniii/dod-2018-basebudget-justification-books/PROCUREMENT/2018/DEFENSE_SOCOM...
curl --url http://comptroller.defense.gov/Portals/45/Documents/defbudget/FY2018/budget_justification/pdfs/02_Procurement/SOCOM_0300D_FY18_B_3.pdf --output /Users/jobrieniii/dod-2018-basebudget-justification-books/PROCUREMENT/2018/DEFENSE_SOCOM/SOCOM_0300D_FY18_B_3.pdf
-------------------------------------------------------------------------------------
----FILE SUCCESSFULLY DOWNLOADED (7206264)----
-------------------------------------------------------------------------------------
Extracting attachments from /Users/jobrieniii/dod-2018-basebudget-justification-books/PROCUREMENT/2018/DEFENSE_SOCOM/SOCOM_0300D_FY18_B_3.pdf...
Unzipping U_PROCUREMENT_JustificationBook_United_States_Special_Operations_Command_PB_2018.zzz...
Unzipping U_PROCUREMENT_MasterJustificationBook_United_States_Special_Operations_Command_PB_2018.zzz...
=====================================================================================
Creating folder /Users/jobrieniii/dod-2018-basebudget-justification-books/PROCUREMENT/2018/DEFENSE_TJS
-------------------------------------------------------------------------------------
Getting http://comptroller.defense.gov/Portals/45/Documents/defbudget/FY2018/budget_justification/pdfs/02_Procurement/TJS_0300D_FY18_PB_v2.pdf and putting into folder /Users/jobrieniii/dod-2018-basebudget-justification-books/PROCUREMENT/2018/DEFENSE_TJS...
curl --url http://comptroller.defense.gov/Portals/45/Documents/defbudget/FY2018/budget_justification/pdfs/02_Procurement/TJS_0300D_FY18_PB_v2.pdf --output /Users/jobrieniii/dod-2018-basebudget-justification-books/PROCUREMENT/2018/DEFENSE_TJS/TJS_0300D_FY18_PB_v2.pdf
-------------------------------------------------------------------------------------
----FILE SUCCESSFULLY DOWNLOADED (5011953)----
-------------------------------------------------------------------------------------
Extracting attachments from /Users/jobrieniii/dod-2018-basebudget-justification-books/PROCUREMENT/2018/DEFENSE_TJS/TJS_0300D_FY18_PB_v2.pdf...
Unzipping U_PROCUREMENT_JustificationBook_The_Joint_Staff_PB_2018.zzz...
Unzipping U_PROCUREMENT_MasterJustificationBook_The_Joint_Staff_PB_2018.zzz...
=====================================================================================
Creating folder /Users/jobrieniii/dod-2018-basebudget-justification-books/PROCUREMENT/2018/DEFENSE_WHS
-------------------------------------------------------------------------------------
Getting http://comptroller.defense.gov/Portals/45/Documents/defbudget/FY2018/budget_justification/pdfs/02_Procurement/WHS_0300D_FY18_PB_FINAL.pdf and putting into folder /Users/jobrieniii/dod-2018-basebudget-justification-books/PROCUREMENT/2018/DEFENSE_WHS...
curl --url http://comptroller.defense.gov/Portals/45/Documents/defbudget/FY2018/budget_justification/pdfs/02_Procurement/WHS_0300D_FY18_PB_FINAL.pdf --output /Users/jobrieniii/dod-2018-basebudget-justification-books/PROCUREMENT/2018/DEFENSE_WHS/WHS_0300D_FY18_PB_FINAL.pdf
-------------------------------------------------------------------------------------
----FILE SUCCESSFULLY DOWNLOADED (1152322)----
-------------------------------------------------------------------------------------
Extracting attachments from /Users/jobrieniii/dod-2018-basebudget-justification-books/PROCUREMENT/2018/DEFENSE_WHS/WHS_0300D_FY18_PB_FINAL.pdf...
Unzipping U_PROCUREMENT_JustificationBook_Washington_Headquarters_Service_PB_2018.zzz...
Unzipping U_PROCUREMENT_MasterJustificationBook_Washington_Headquarters_Service_PB_2018.zzz...
=====================================================================================
Creating folder /Users/jobrieniii/dod-2018-basebudget-justification-books/PROCUREMENT/2018/DEFENSE_JIDO
-------------------------------------------------------------------------------------
Getting http://comptroller.defense.gov/Portals/45/Documents/defbudget/FY2018/budget_justification/pdfs/02_Procurement/DTRA_JIDF_2093D_PB18JBook_Final_18May17.pdf and putting into folder /Users/jobrieniii/dod-2018-basebudget-justification-books/PROCUREMENT/2018/DEFENSE_JIDO...
curl --url http://comptroller.defense.gov/Portals/45/Documents/defbudget/FY2018/budget_justification/pdfs/02_Procurement/DTRA_JIDF_2093D_PB18JBook_Final_18May17.pdf --output /Users/jobrieniii/dod-2018-basebudget-justification-books/PROCUREMENT/2018/DEFENSE_JIDO/DTRA_JIDF_2093D_PB18JBook_Final_18May17.pdf
-------------------------------------------------------------------------------------
----FILE SUCCESSFULLY DOWNLOADED (6063598)----
-------------------------------------------------------------------------------------
Extracting attachments from /Users/jobrieniii/dod-2018-basebudget-justification-books/PROCUREMENT/2018/DEFENSE_JIDO/DTRA_JIDF_2093D_PB18JBook_Final_18May17.pdf...
Unzipping U_PROCUREMENT_JustificationBook_Defense_Threat_Reduction_Agency_PB_2018.zzz...
Unzipping U_PROCUREMENT_MasterJustificationBook_Defense_Threat_Reduction_Agency_PB_2018.zzz...
=====================================================================================
Creating folder /Users/jobrieniii/dod-2018-basebudget-justification-books/PROCUREMENT/2018/DEFENSE_MDA_VOL2
-------------------------------------------------------------------------------------
Getting http://comptroller.defense.gov/Portals/45/Documents/defbudget/FY2018/budget_justification/pdfs/02_Procurement/U_MasterJusticificationBook_Missile_Defense_Agency_PB_2018_Vol2a_Vol2b.pdf and putting into folder /Users/jobrieniii/dod-2018-basebudget-justification-books/PROCUREMENT/2018/DEFENSE_MDA_VOL2...
curl --url http://comptroller.defense.gov/Portals/45/Documents/defbudget/FY2018/budget_justification/pdfs/02_Procurement/U_MasterJusticificationBook_Missile_Defense_Agency_PB_2018_Vol2a_Vol2b.pdf --output /Users/jobrieniii/dod-2018-basebudget-justification-books/PROCUREMENT/2018/DEFENSE_MDA_VOL2/U_MasterJusticificationBook_Missile_Defense_Agency_PB_2018_Vol2a_Vol2b.pdf
-------------------------------------------------------------------------------------
----FILE SUCCESSFULLY DOWNLOADED (26634958)----
-------------------------------------------------------------------------------------
Extracting attachments from /Users/jobrieniii/dod-2018-basebudget-justification-books/PROCUREMENT/2018/DEFENSE_MDA_VOL2/U_MasterJusticificationBook_Missile_Defense_Agency_PB_2018_Vol2a_Vol2b.pdf...
Unzipping U_PROCUREMENT_JustificationBook_Missile_Defense_Agency_PB_2018.zzz...
Unzipping U_PROCUREMENT_MasterJustificationBook_Missile_Defense_Agency_PB_2018.zzz...
Unzipping U_RDTE_JustificationBook_Missile_Defense_Agency_PB_2018.zzz...
Unzipping U_RDTE_MasterJustificationBook_Missile_Defense_Agency_PB_2018.zzz...
=====================================================================================
Creating folder /Users/jobrieniii/dod-2018-basebudget-justification-books/RDTE/2018/NAVY_BA1_3
-------------------------------------------------------------------------------------
Getting http://www.secnav.navy.mil//fmc/fmb/Documents/18pres/RDTEN_BA1-3_BOOK.pdf and putting into folder /Users/jobrieniii/dod-2018-basebudget-justification-books/RDTE/2018/NAVY_BA1_3...
curl --url http://www.secnav.navy.mil//fmc/fmb/Documents/18pres/RDTEN_BA1-3_BOOK.pdf --output /Users/jobrieniii/dod-2018-basebudget-justification-books/RDTE/2018/NAVY_BA1_3/RDTEN_BA1-3_BOOK.pdf
-------------------------------------------------------------------------------------
----FILE SUCCESSFULLY DOWNLOADED (33117985)----
-------------------------------------------------------------------------------------
Extracting attachments from /Users/jobrieniii/dod-2018-basebudget-justification-books/RDTE/2018/NAVY_BA1_3/RDTEN_BA1-3_BOOK.pdf...
Unzipping U_RDTE_JustificationBook_Navy_PB_2018.zzz...
Unzipping U_RDTE_MasterJustificationBook_Navy_PB_2018.zzz...
=====================================================================================
Creating folder /Users/jobrieniii/dod-2018-basebudget-justification-books/RDTE/2018/NAVY_BA4
-------------------------------------------------------------------------------------
Getting http://www.secnav.navy.mil//fmc/fmb/Documents/18pres/RDTEN_BA4_book.pdf and putting into folder /Users/jobrieniii/dod-2018-basebudget-justification-books/RDTE/2018/NAVY_BA4...
curl --url http://www.secnav.navy.mil//fmc/fmb/Documents/18pres/RDTEN_BA4_book.pdf --output /Users/jobrieniii/dod-2018-basebudget-justification-books/RDTE/2018/NAVY_BA4/RDTEN_BA4_book.pdf
-------------------------------------------------------------------------------------
----FILE SUCCESSFULLY DOWNLOADED (45008264)----
-------------------------------------------------------------------------------------
Extracting attachments from /Users/jobrieniii/dod-2018-basebudget-justification-books/RDTE/2018/NAVY_BA4/RDTEN_BA4_book.pdf...
Unzipping U_RDTE_JustificationBook_Navy_PB_2018.zzz...
Unzipping U_RDTE_MasterJustificationBook_Navy_PB_2018.zzz...
=====================================================================================
Creating folder /Users/jobrieniii/dod-2018-basebudget-justification-books/RDTE/2018/NAVY_BA5
-------------------------------------------------------------------------------------
Getting http://www.secnav.navy.mil//fmc/fmb/Documents/18pres/RDTEN_BA5_book.pdf and putting into folder /Users/jobrieniii/dod-2018-basebudget-justification-books/RDTE/2018/NAVY_BA5...
curl --url http://www.secnav.navy.mil//fmc/fmb/Documents/18pres/RDTEN_BA5_book.pdf --output /Users/jobrieniii/dod-2018-basebudget-justification-books/RDTE/2018/NAVY_BA5/RDTEN_BA5_book.pdf
-------------------------------------------------------------------------------------
----FILE SUCCESSFULLY DOWNLOADED (66965388)----
-------------------------------------------------------------------------------------
Extracting attachments from /Users/jobrieniii/dod-2018-basebudget-justification-books/RDTE/2018/NAVY_BA5/RDTEN_BA5_book.pdf...
Unzipping U_RDTE_JustificationBook_Navy_PB_2018.zzz...
Unzipping U_RDTE_MasterJustificationBook_Navy_PB_2018.zzz...
=====================================================================================
Creating folder /Users/jobrieniii/dod-2018-basebudget-justification-books/RDTE/2018/NAVY_BA6
-------------------------------------------------------------------------------------
Getting http://www.secnav.navy.mil//fmc/fmb/Documents/18pres/RDTEN_BA6_book.pdf and putting into folder /Users/jobrieniii/dod-2018-basebudget-justification-books/RDTE/2018/NAVY_BA6...
curl --url http://www.secnav.navy.mil//fmc/fmb/Documents/18pres/RDTEN_BA6_book.pdf --output /Users/jobrieniii/dod-2018-basebudget-justification-books/RDTE/2018/NAVY_BA6/RDTEN_BA6_book.pdf
-------------------------------------------------------------------------------------
----FILE SUCCESSFULLY DOWNLOADED (32244501)----
-------------------------------------------------------------------------------------
Extracting attachments from /Users/jobrieniii/dod-2018-basebudget-justification-books/RDTE/2018/NAVY_BA6/RDTEN_BA6_book.pdf...
Unzipping U_RDTE_JustificationBook_Navy_PB_2018.zzz...
Unzipping U_RDTE_MasterJustificationBook_Navy_PB_2018.zzz...
=====================================================================================
Creating folder /Users/jobrieniii/dod-2018-basebudget-justification-books/RDTE/2018/NAVY_BA7
-------------------------------------------------------------------------------------
Getting http://www.secnav.navy.mil//fmc/fmb/Documents/18pres/RDTEN_BA7_book.pdf and putting into folder /Users/jobrieniii/dod-2018-basebudget-justification-books/RDTE/2018/NAVY_BA7...
curl --url http://www.secnav.navy.mil//fmc/fmb/Documents/18pres/RDTEN_BA7_book.pdf --output /Users/jobrieniii/dod-2018-basebudget-justification-books/RDTE/2018/NAVY_BA7/RDTEN_BA7_book.pdf
-------------------------------------------------------------------------------------
----FILE SUCCESSFULLY DOWNLOADED (56187654)----
-------------------------------------------------------------------------------------
Extracting attachments from /Users/jobrieniii/dod-2018-basebudget-justification-books/RDTE/2018/NAVY_BA7/RDTEN_BA7_book.pdf...
Unzipping U_RDTE_JustificationBook_Navy_PB_2018.zzz...
Unzipping U_RDTE_MasterJustificationBook_Navy_PB_2018.zzz...
=====================================================================================
Creating folder /Users/jobrieniii/dod-2018-basebudget-justification-books/RDTE/2018/AIRFORCE_V1
-------------------------------------------------------------------------------------
Getting http://www.saffm.hq.af.mil/Portals/84/documents/Air%20Force%20Research,%20Development,%20Test%20and%20Evaluation%20Vol-I%20FY18.pdf?ver=2017-05-23-155947-797 and putting into folder /Users/jobrieniii/dod-2018-basebudget-justification-books/RDTE/2018/AIRFORCE_V1...
curl --url http://www.saffm.hq.af.mil/Portals/84/documents/Air%20Force%20Research,%20Development,%20Test%20and%20Evaluation%20Vol-I%20FY18.pdf?ver=2017-05-23-155947-797 --output /Users/jobrieniii/dod-2018-basebudget-justification-books/RDTE/2018/AIRFORCE_V1/Air%20Force%20Research,%20Development,%20Test%20and%20Evaluation%20Vol-I%20FY18.pdf?ver=2017-05-23-155947-797
-------------------------------------------------------------------------------------
----FILE SUCCESSFULLY DOWNLOADED (5584788)----
-------------------------------------------------------------------------------------
=====================================================================================
Creating folder /Users/jobrieniii/dod-2018-basebudget-justification-books/RDTE/2018/AIRFORCE_V2
-------------------------------------------------------------------------------------
Getting http://www.saffm.hq.af.mil/Portals/84/documents/Air%20Force%20Research,%20Development,%20Test%20and%20Evaluation%20Vol-II%20FY18.pdf?ver=2017-05-23-160041-060 and putting into folder /Users/jobrieniii/dod-2018-basebudget-justification-books/RDTE/2018/AIRFORCE_V2...
curl --url http://www.saffm.hq.af.mil/Portals/84/documents/Air%20Force%20Research,%20Development,%20Test%20and%20Evaluation%20Vol-II%20FY18.pdf?ver=2017-05-23-160041-060 --output /Users/jobrieniii/dod-2018-basebudget-justification-books/RDTE/2018/AIRFORCE_V2/Air%20Force%20Research,%20Development,%20Test%20and%20Evaluation%20Vol-II%20FY18.pdf?ver=2017-05-23-160041-060
-------------------------------------------------------------------------------------
----FILE SUCCESSFULLY DOWNLOADED (8724637)----
-------------------------------------------------------------------------------------
=====================================================================================
Creating folder /Users/jobrieniii/dod-2018-basebudget-justification-books/RDTE/2018/AIRFORCE_V3A
-------------------------------------------------------------------------------------
Getting http://www.saffm.hq.af.mil/Portals/84/documents/Air%20Force%20Research,%20Development,%20Test%20and%20Evaluation%20Vol-IIIa%20FY18.pdf?ver=2017-05-23-160118-157 and putting into folder /Users/jobrieniii/dod-2018-basebudget-justification-books/RDTE/2018/AIRFORCE_V3A...
curl --url http://www.saffm.hq.af.mil/Portals/84/documents/Air%20Force%20Research,%20Development,%20Test%20and%20Evaluation%20Vol-IIIa%20FY18.pdf?ver=2017-05-23-160118-157 --output /Users/jobrieniii/dod-2018-basebudget-justification-books/RDTE/2018/AIRFORCE_V3A/Air%20Force%20Research,%20Development,%20Test%20and%20Evaluation%20Vol-IIIa%20FY18.pdf?ver=2017-05-23-160118-157
-------------------------------------------------------------------------------------
----FILE SUCCESSFULLY DOWNLOADED (7745424)----
-------------------------------------------------------------------------------------
=====================================================================================
Creating folder /Users/jobrieniii/dod-2018-basebudget-justification-books/RDTE/2018/AIRFORCE_V3B
-------------------------------------------------------------------------------------
Getting http://www.saffm.hq.af.mil/Portals/84/documents/Air%20Force%20Research,%20Development,%20Test%20and%20Evaluation%20Vol-IIIb%20FY18.pdf?ver=2017-05-23-160156-750 and putting into folder /Users/jobrieniii/dod-2018-basebudget-justification-books/RDTE/2018/AIRFORCE_V3B...
curl --url http://www.saffm.hq.af.mil/Portals/84/documents/Air%20Force%20Research,%20Development,%20Test%20and%20Evaluation%20Vol-IIIb%20FY18.pdf?ver=2017-05-23-160156-750 --output /Users/jobrieniii/dod-2018-basebudget-justification-books/RDTE/2018/AIRFORCE_V3B/Air%20Force%20Research,%20Development,%20Test%20and%20Evaluation%20Vol-IIIb%20FY18.pdf?ver=2017-05-23-160156-750
-------------------------------------------------------------------------------------
----FILE SUCCESSFULLY DOWNLOADED (7671842)----
-------------------------------------------------------------------------------------
=====================================================================================
Creating folder /Users/jobrieniii/dod-2018-basebudget-justification-books/RDTE/2018/ARMY_BA1
-------------------------------------------------------------------------------------
Getting https://www.asafm.army.mil/documents/BudgetMaterial/fy2018/vol1.pdf and putting into folder /Users/jobrieniii/dod-2018-basebudget-justification-books/RDTE/2018/ARMY_BA1...
curl --url https://www.asafm.army.mil/documents/BudgetMaterial/fy2018/vol1.pdf --output /Users/jobrieniii/dod-2018-basebudget-justification-books/RDTE/2018/ARMY_BA1/vol1.pdf
-------------------------------------------------------------------------------------
----FILE SUCCESSFULLY DOWNLOADED (3526495)----
-------------------------------------------------------------------------------------
Extracting attachments from /Users/jobrieniii/dod-2018-basebudget-justification-books/RDTE/2018/ARMY_BA1/vol1.pdf...
Unzipping U_RDTE_JustificationBook_Army_PB_2018.zzz...
=====================================================================================
Creating folder /Users/jobrieniii/dod-2018-basebudget-justification-books/RDTE/2018/ARMY_BA2
-------------------------------------------------------------------------------------
Getting https://www.asafm.army.mil/documents/BudgetMaterial/fy2018/vol2.pdf and putting into folder /Users/jobrieniii/dod-2018-basebudget-justification-books/RDTE/2018/ARMY_BA2...
curl --url https://www.asafm.army.mil/documents/BudgetMaterial/fy2018/vol2.pdf --output /Users/jobrieniii/dod-2018-basebudget-justification-books/RDTE/2018/ARMY_BA2/vol2.pdf
-------------------------------------------------------------------------------------
----FILE SUCCESSFULLY DOWNLOADED (4299284)----
-------------------------------------------------------------------------------------
Extracting attachments from /Users/jobrieniii/dod-2018-basebudget-justification-books/RDTE/2018/ARMY_BA2/vol2.pdf...
Unzipping U_RDTE_JustificationBook_Army_PB_2018.zzz...
=====================================================================================
Creating folder /Users/jobrieniii/dod-2018-basebudget-justification-books/RDTE/2018/ARMY_BA3
-------------------------------------------------------------------------------------
Getting https://www.asafm.army.mil/documents/BudgetMaterial/fy2018/vol3.pdf and putting into folder /Users/jobrieniii/dod-2018-basebudget-justification-books/RDTE/2018/ARMY_BA3...
curl --url https://www.asafm.army.mil/documents/BudgetMaterial/fy2018/vol3.pdf --output /Users/jobrieniii/dod-2018-basebudget-justification-books/RDTE/2018/ARMY_BA3/vol3.pdf
-------------------------------------------------------------------------------------
----FILE SUCCESSFULLY DOWNLOADED (3955012)----
-------------------------------------------------------------------------------------
Extracting attachments from /Users/jobrieniii/dod-2018-basebudget-justification-books/RDTE/2018/ARMY_BA3/vol3.pdf...
Unzipping U_RDTE_JustificationBook_Army_PB_2018.zzz...
=====================================================================================
Creating folder /Users/jobrieniii/dod-2018-basebudget-justification-books/RDTE/2018/ARMY_BA4
-------------------------------------------------------------------------------------
Getting https://www.asafm.army.mil/documents/BudgetMaterial/fy2018/vol4.pdf and putting into folder /Users/jobrieniii/dod-2018-basebudget-justification-books/RDTE/2018/ARMY_BA4...
curl --url https://www.asafm.army.mil/documents/BudgetMaterial/fy2018/vol4.pdf --output /Users/jobrieniii/dod-2018-basebudget-justification-books/RDTE/2018/ARMY_BA4/vol4.pdf
-------------------------------------------------------------------------------------
----FILE SUCCESSFULLY DOWNLOADED (6145608)----
-------------------------------------------------------------------------------------
Extracting attachments from /Users/jobrieniii/dod-2018-basebudget-justification-books/RDTE/2018/ARMY_BA4/vol4.pdf...
Unzipping U_RDTE_JustificationBook_Army_PB_2018.zzz...
=====================================================================================
Creating folder /Users/jobrieniii/dod-2018-basebudget-justification-books/RDTE/2018/ARMY_BA5A
-------------------------------------------------------------------------------------
Getting https://www.asafm.army.mil/documents/BudgetMaterial/fy2018/vol5a.pdf and putting into folder /Users/jobrieniii/dod-2018-basebudget-justification-books/RDTE/2018/ARMY_BA5A...
curl --url https://www.asafm.army.mil/documents/BudgetMaterial/fy2018/vol5a.pdf --output /Users/jobrieniii/dod-2018-basebudget-justification-books/RDTE/2018/ARMY_BA5A/vol5a.pdf
-------------------------------------------------------------------------------------
----FILE SUCCESSFULLY DOWNLOADED (12866885)----
-------------------------------------------------------------------------------------
Extracting attachments from /Users/jobrieniii/dod-2018-basebudget-justification-books/RDTE/2018/ARMY_BA5A/vol5a.pdf...
Unzipping U_RDTE_JustificationBook_Army_PB_2018.zzz...
=====================================================================================
Creating folder /Users/jobrieniii/dod-2018-basebudget-justification-books/RDTE/2018/ARMY_BA5B
-------------------------------------------------------------------------------------
Getting https://www.asafm.army.mil/documents/BudgetMaterial/fy2018/vol5b.pdf and putting into folder /Users/jobrieniii/dod-2018-basebudget-justification-books/RDTE/2018/ARMY_BA5B...
curl --url https://www.asafm.army.mil/documents/BudgetMaterial/fy2018/vol5b.pdf --output /Users/jobrieniii/dod-2018-basebudget-justification-books/RDTE/2018/ARMY_BA5B/vol5b.pdf
-------------------------------------------------------------------------------------
----FILE SUCCESSFULLY DOWNLOADED (12980937)----
-------------------------------------------------------------------------------------
Extracting attachments from /Users/jobrieniii/dod-2018-basebudget-justification-books/RDTE/2018/ARMY_BA5B/vol5b.pdf...
Unzipping U_RDTE_JustificationBook_Army_PB_2018.zzz...
=====================================================================================
Creating folder /Users/jobrieniii/dod-2018-basebudget-justification-books/RDTE/2018/ARMY_BA6
-------------------------------------------------------------------------------------
Getting https://www.asafm.army.mil/documents/BudgetMaterial/fy2018/vol6.pdf and putting into folder /Users/jobrieniii/dod-2018-basebudget-justification-books/RDTE/2018/ARMY_BA6...
curl --url https://www.asafm.army.mil/documents/BudgetMaterial/fy2018/vol6.pdf --output /Users/jobrieniii/dod-2018-basebudget-justification-books/RDTE/2018/ARMY_BA6/vol6.pdf
-------------------------------------------------------------------------------------
----FILE SUCCESSFULLY DOWNLOADED (3879946)----
-------------------------------------------------------------------------------------
Extracting attachments from /Users/jobrieniii/dod-2018-basebudget-justification-books/RDTE/2018/ARMY_BA6/vol6.pdf...
Unzipping U_RDTE_JustificationBook_Army_PB_2018.zzz...
=====================================================================================
Creating folder /Users/jobrieniii/dod-2018-basebudget-justification-books/RDTE/2018/ARMY_BA7
-------------------------------------------------------------------------------------
Getting https://www.asafm.army.mil/documents/BudgetMaterial/fy2018/vol6.pdf and putting into folder /Users/jobrieniii/dod-2018-basebudget-justification-books/RDTE/2018/ARMY_BA7...
curl --url https://www.asafm.army.mil/documents/BudgetMaterial/fy2018/vol6.pdf --output /Users/jobrieniii/dod-2018-basebudget-justification-books/RDTE/2018/ARMY_BA7/vol6.pdf
-------------------------------------------------------------------------------------
----FILE SUCCESSFULLY DOWNLOADED (3879946)----
-------------------------------------------------------------------------------------
Extracting attachments from /Users/jobrieniii/dod-2018-basebudget-justification-books/RDTE/2018/ARMY_BA7/vol6.pdf...
Unzipping U_RDTE_JustificationBook_Army_PB_2018.zzz...
=====================================================================================
Creating folder /Users/jobrieniii/dod-2018-basebudget-justification-books/RDTE/2018/DARPA
-------------------------------------------------------------------------------------
Getting http://comptroller.defense.gov/Portals/45/Documents/defbudget/FY2018/budget_justification/pdfs/03_RDT_and_E/DARPA_0400D_FY18PB_FINAL.pdf and putting into folder /Users/jobrieniii/dod-2018-basebudget-justification-books/RDTE/2018/DARPA...
curl --url http://comptroller.defense.gov/Portals/45/Documents/defbudget/FY2018/budget_justification/pdfs/03_RDT_and_E/DARPA_0400D_FY18PB_FINAL.pdf --output /Users/jobrieniii/dod-2018-basebudget-justification-books/RDTE/2018/DARPA/DARPA_0400D_FY18PB_FINAL.pdf
-------------------------------------------------------------------------------------
----FILE SUCCESSFULLY DOWNLOADED (3102849)----
-------------------------------------------------------------------------------------
Extracting attachments from /Users/jobrieniii/dod-2018-basebudget-justification-books/RDTE/2018/DARPA/DARPA_0400D_FY18PB_FINAL.pdf...
Unzipping U_RDTE_JustificationBook_Defense_Advanced_Research_Projects_Agency_PB_2018.zzz...
Unzipping U_RDTE_MasterJustificationBook_Defense_Advanced_Research_Projects_Agency_PB_2018.zzz...
=====================================================================================
Creating folder /Users/jobrieniii/dod-2018-basebudget-justification-books/RDTE/2018/MDA
-------------------------------------------------------------------------------------
Getting http://comptroller.defense.gov/Portals/45/Documents/defbudget/FY2018/budget_justification/pdfs/03_RDT_and_E/U_RDTE_MasterJustificationBook_Missile_Defense_Agency_PB_2018_Vol2a_Vol2b.pdf and putting into folder /Users/jobrieniii/dod-2018-basebudget-justification-books/RDTE/2018/MDA...
curl --url http://comptroller.defense.gov/Portals/45/Documents/defbudget/FY2018/budget_justification/pdfs/03_RDT_and_E/U_RDTE_MasterJustificationBook_Missile_Defense_Agency_PB_2018_Vol2a_Vol2b.pdf --output /Users/jobrieniii/dod-2018-basebudget-justification-books/RDTE/2018/MDA/U_RDTE_MasterJustificationBook_Missile_Defense_Agency_PB_2018_Vol2a_Vol2b.pdf
-------------------------------------------------------------------------------------
----FILE SUCCESSFULLY DOWNLOADED (36756327)----
-------------------------------------------------------------------------------------
Extracting attachments from /Users/jobrieniii/dod-2018-basebudget-justification-books/RDTE/2018/MDA/U_RDTE_MasterJustificationBook_Missile_Defense_Agency_PB_2018_Vol2a_Vol2b.pdf...
Unzipping U_PROCUREMENT_JustificationBook_Missile_Defense_Agency_PB_2018.zzz...
Unzipping U_PROCUREMENT_MasterJustificationBook_Missile_Defense_Agency_PB_2018.zzz...
Unzipping U_RDTE_JustificationBook_Missile_Defense_Agency_PB_2018.zzz...
Unzipping U_RDTE_MasterJustificationBook_Missile_Defense_Agency_PB_2018.zzz...
=====================================================================================
Creating folder /Users/jobrieniii/dod-2018-basebudget-justification-books/RDTE/2018/OSD
-------------------------------------------------------------------------------------
Getting http://comptroller.defense.gov/Portals/45/Documents/defbudget/FY2018/budget_justification/pdfs/03_RDT_and_E/OSD_0400_PB_18_Justification_Book_Final.pdf and putting into folder /Users/jobrieniii/dod-2018-basebudget-justification-books/RDTE/2018/OSD...
curl --url http://comptroller.defense.gov/Portals/45/Documents/defbudget/FY2018/budget_justification/pdfs/03_RDT_and_E/OSD_0400_PB_18_Justification_Book_Final.pdf --output /Users/jobrieniii/dod-2018-basebudget-justification-books/RDTE/2018/OSD/OSD_0400_PB_18_Justification_Book_Final.pdf
-------------------------------------------------------------------------------------
----FILE SUCCESSFULLY DOWNLOADED (12020050)----
-------------------------------------------------------------------------------------
Extracting attachments from /Users/jobrieniii/dod-2018-basebudget-justification-books/RDTE/2018/OSD/OSD_0400_PB_18_Justification_Book_Final.pdf...
Unzipping U_RDTE_JustificationBook_Office_of_the_Secretary_Of_Defense_PB_2018.zzz...
Unzipping U_RDTE_MasterJustificationBook_Office_of_the_Secretary_Of_Defense_PB_2018.zzz...
=====================================================================================
Creating folder /Users/jobrieniii/dod-2018-basebudget-justification-books/RDTE/2018/CBDP
-------------------------------------------------------------------------------------
Getting http://comptroller.defense.gov/Portals/45/Documents/defbudget/FY2018/budget_justification/pdfs/03_RDT_and_E/CBDP_0400D_FY18_PB_FINAL.pdf and putting into folder /Users/jobrieniii/dod-2018-basebudget-justification-books/RDTE/2018/CBDP...
curl --url http://comptroller.defense.gov/Portals/45/Documents/defbudget/FY2018/budget_justification/pdfs/03_RDT_and_E/CBDP_0400D_FY18_PB_FINAL.pdf --output /Users/jobrieniii/dod-2018-basebudget-justification-books/RDTE/2018/CBDP/CBDP_0400D_FY18_PB_FINAL.pdf
-------------------------------------------------------------------------------------
----FILE SUCCESSFULLY DOWNLOADED (5291398)----
-------------------------------------------------------------------------------------
Extracting attachments from /Users/jobrieniii/dod-2018-basebudget-justification-books/RDTE/2018/CBDP/CBDP_0400D_FY18_PB_FINAL.pdf...
Unzipping U_RDTE_JustificationBook_Chemical_and_Biological_Defense_Program_PB_2018.zzz...
Unzipping U_RDTE_MasterJustificationBook_Chemical_and_Biological_Defense_Program_PB_2018.zzz...
=====================================================================================
Creating folder /Users/jobrieniii/dod-2018-basebudget-justification-books/RDTE/2018/VOL5_ALL
-------------------------------------------------------------------------------------
Getting http://comptroller.defense.gov/Portals/45/Documents/defbudget/FY2018/budget_justification/pdfs/03_RDT_and_E/U_RDTE_MasterJustificationBook_Defense-Wide_PB_2018_20170524.pdf and putting into folder /Users/jobrieniii/dod-2018-basebudget-justification-books/RDTE/2018/VOL5_ALL...
curl --url http://comptroller.defense.gov/Portals/45/Documents/defbudget/FY2018/budget_justification/pdfs/03_RDT_and_E/U_RDTE_MasterJustificationBook_Defense-Wide_PB_2018_20170524.pdf --output /Users/jobrieniii/dod-2018-basebudget-justification-books/RDTE/2018/VOL5_ALL/U_RDTE_MasterJustificationBook_Defense-Wide_PB_2018_20170524.pdf
-------------------------------------------------------------------------------------
----FILE SUCCESSFULLY DOWNLOADED (88884855)----
-------------------------------------------------------------------------------------
Extracting attachments from /Users/jobrieniii/dod-2018-basebudget-justification-books/RDTE/2018/VOL5_ALL/U_RDTE_MasterJustificationBook_Defense-Wide_PB_2018_20170524.pdf...
Unzipping U_RDTE_MasterJustificationBook_Defense-Wide_PB_2018.zzz...
=====================================================================================
Creating folder /Users/jobrieniii/dod-2018-basebudget-justification-books/RDTE/2018/DCMA
-------------------------------------------------------------------------------------
Getting http://comptroller.defense.gov/Portals/45/Documents/defbudget/FY2018/budget_justification/pdfs/03_RDT_and_E/DCMA_0400D_FY18_PB_v2.pdf and putting into folder /Users/jobrieniii/dod-2018-basebudget-justification-books/RDTE/2018/DCMA...
curl --url http://comptroller.defense.gov/Portals/45/Documents/defbudget/FY2018/budget_justification/pdfs/03_RDT_and_E/DCMA_0400D_FY18_PB_v2.pdf --output /Users/jobrieniii/dod-2018-basebudget-justification-books/RDTE/2018/DCMA/DCMA_0400D_FY18_PB_v2.pdf
-------------------------------------------------------------------------------------
----FILE SUCCESSFULLY DOWNLOADED (3739626)----
-------------------------------------------------------------------------------------
Extracting attachments from /Users/jobrieniii/dod-2018-basebudget-justification-books/RDTE/2018/DCMA/DCMA_0400D_FY18_PB_v2.pdf...
Unzipping U_RDTE_JustificationBook_Defense_Contract_Management_Agency_PB_2018.zzz...
Unzipping U_RDTE_MasterJustificationBook_Defense_Contract_Management_Agency_PB_2018.zzz...
=====================================================================================
Creating folder /Users/jobrieniii/dod-2018-basebudget-justification-books/RDTE/2018/DHRA
-------------------------------------------------------------------------------------
Getting http://comptroller.defense.gov/Portals/45/Documents/defbudget/FY2018/budget_justification/pdfs/03_RDT_and_E/DHRA_0400D_FY18_PB_v2.pdf and putting into folder /Users/jobrieniii/dod-2018-basebudget-justification-books/RDTE/2018/DHRA...
curl --url http://comptroller.defense.gov/Portals/45/Documents/defbudget/FY2018/budget_justification/pdfs/03_RDT_and_E/DHRA_0400D_FY18_PB_v2.pdf --output /Users/jobrieniii/dod-2018-basebudget-justification-books/RDTE/2018/DHRA/DHRA_0400D_FY18_PB_v2.pdf
-------------------------------------------------------------------------------------
----FILE SUCCESSFULLY DOWNLOADED (3891846)----
-------------------------------------------------------------------------------------
Extracting attachments from /Users/jobrieniii/dod-2018-basebudget-justification-books/RDTE/2018/DHRA/DHRA_0400D_FY18_PB_v2.pdf...
Unzipping U_RDTE_JustificationBook_DoD_Human_Resources_Activity_PB_2018.zzz...
Unzipping U_RDTE_MasterJustificationBook_DoD_Human_Resources_Activity_PB_2018.zzz...
=====================================================================================
Creating folder /Users/jobrieniii/dod-2018-basebudget-justification-books/RDTE/2018/DISA
-------------------------------------------------------------------------------------
Getting http://comptroller.defense.gov/Portals/45/Documents/defbudget/FY2018/budget_justification/pdfs/03_RDT_and_E/DISA_0400D_FY18_PB_Final.pdf and putting into folder /Users/jobrieniii/dod-2018-basebudget-justification-books/RDTE/2018/DISA...
curl --url http://comptroller.defense.gov/Portals/45/Documents/defbudget/FY2018/budget_justification/pdfs/03_RDT_and_E/DISA_0400D_FY18_PB_Final.pdf --output /Users/jobrieniii/dod-2018-basebudget-justification-books/RDTE/2018/DISA/DISA_0400D_FY18_PB_Final.pdf
-------------------------------------------------------------------------------------
----FILE SUCCESSFULLY DOWNLOADED (2653431)----
-------------------------------------------------------------------------------------
Extracting attachments from /Users/jobrieniii/dod-2018-basebudget-justification-books/RDTE/2018/DISA/DISA_0400D_FY18_PB_Final.pdf...
Unzipping U_RDTE_JustificationBook_Defense_Information_Systems_Agency_PB_2018.zzz...
Unzipping U_RDTE_MasterJustificationBook_Defense_Information_Systems_Agency_PB_2018.zzz...
=====================================================================================
Creating folder /Users/jobrieniii/dod-2018-basebudget-justification-books/RDTE/2018/DLA
-------------------------------------------------------------------------------------
Getting http://comptroller.defense.gov/Portals/45/Documents/defbudget/FY2018/budget_justification/pdfs/03_RDT_and_E/DLA_0400D_FY18_PB_final.pdf and putting into folder /Users/jobrieniii/dod-2018-basebudget-justification-books/RDTE/2018/DLA...
curl --url http://comptroller.defense.gov/Portals/45/Documents/defbudget/FY2018/budget_justification/pdfs/03_RDT_and_E/DLA_0400D_FY18_PB_final.pdf --output /Users/jobrieniii/dod-2018-basebudget-justification-books/RDTE/2018/DLA/DLA_0400D_FY18_PB_final.pdf
-------------------------------------------------------------------------------------
----FILE SUCCESSFULLY DOWNLOADED (3233292)----
-------------------------------------------------------------------------------------
Extracting attachments from /Users/jobrieniii/dod-2018-basebudget-justification-books/RDTE/2018/DLA/DLA_0400D_FY18_PB_final.pdf...
Unzipping U_RDTE_JustificationBook_Defense_Logistics_Agency_PB_2018.zzz...
Unzipping U_RDTE_MasterJustificationBook_Defense_Logistics_Agency_PB_2018.zzz...
=====================================================================================
Creating folder /Users/jobrieniii/dod-2018-basebudget-justification-books/RDTE/2018/DSCA
-------------------------------------------------------------------------------------
Getting http://comptroller.defense.gov/Portals/45/Documents/defbudget/FY2018/budget_justification/pdfs/03_RDT_and_E/DSCA_0400D_FY18_PB_v2.pdf and putting into folder /Users/jobrieniii/dod-2018-basebudget-justification-books/RDTE/2018/DSCA...
curl --url http://comptroller.defense.gov/Portals/45/Documents/defbudget/FY2018/budget_justification/pdfs/03_RDT_and_E/DSCA_0400D_FY18_PB_v2.pdf --output /Users/jobrieniii/dod-2018-basebudget-justification-books/RDTE/2018/DSCA/DSCA_0400D_FY18_PB_v2.pdf
-------------------------------------------------------------------------------------
----FILE SUCCESSFULLY DOWNLOADED (1374505)----
-------------------------------------------------------------------------------------
Extracting attachments from /Users/jobrieniii/dod-2018-basebudget-justification-books/RDTE/2018/DSCA/DSCA_0400D_FY18_PB_v2.pdf...
Unzipping U_RDTE_JustificationBook_Defense_Security_Cooperation_Agency_PB_2018.zzz...
Unzipping U_RDTE_MasterJustificationBook_Defense_Security_Cooperation_Agency_PB_2018.zzz...
=====================================================================================
Creating folder /Users/jobrieniii/dod-2018-basebudget-justification-books/RDTE/2018/DSS
-------------------------------------------------------------------------------------
Getting http://comptroller.defense.gov/Portals/45/Documents/defbudget/FY2018/budget_justification/pdfs/03_RDT_and_E/DSS_0400D_FY18_PB_Final.pdf and putting into folder /Users/jobrieniii/dod-2018-basebudget-justification-books/RDTE/2018/DSS...
curl --url http://comptroller.defense.gov/Portals/45/Documents/defbudget/FY2018/budget_justification/pdfs/03_RDT_and_E/DSS_0400D_FY18_PB_Final.pdf --output /Users/jobrieniii/dod-2018-basebudget-justification-books/RDTE/2018/DSS/DSS_0400D_FY18_PB_Final.pdf
-------------------------------------------------------------------------------------
----FILE SUCCESSFULLY DOWNLOADED (953552)----
-------------------------------------------------------------------------------------
Extracting attachments from /Users/jobrieniii/dod-2018-basebudget-justification-books/RDTE/2018/DSS/DSS_0400D_FY18_PB_Final.pdf...
Unzipping U_RDTE_JustificationBook_Defense_Security_Service_PB_2018.zzz...
Unzipping U_RDTE_MasterJustificationBook_Defense_Security_Service_PB_2018.zzz...
=====================================================================================
Creating folder /Users/jobrieniii/dod-2018-basebudget-justification-books/RDTE/2018/DTIC
-------------------------------------------------------------------------------------
Getting http://comptroller.defense.gov/Portals/45/Documents/defbudget/FY2018/budget_justification/pdfs/03_RDT_and_E/DTIC_0400D_FY18_PB_Final.pdf and putting into folder /Users/jobrieniii/dod-2018-basebudget-justification-books/RDTE/2018/DTIC...
curl --url http://comptroller.defense.gov/Portals/45/Documents/defbudget/FY2018/budget_justification/pdfs/03_RDT_and_E/DTIC_0400D_FY18_PB_Final.pdf --output /Users/jobrieniii/dod-2018-basebudget-justification-books/RDTE/2018/DTIC/DTIC_0400D_FY18_PB_Final.pdf
-------------------------------------------------------------------------------------
----FILE SUCCESSFULLY DOWNLOADED (3159152)----
-------------------------------------------------------------------------------------
Extracting attachments from /Users/jobrieniii/dod-2018-basebudget-justification-books/RDTE/2018/DTIC/DTIC_0400D_FY18_PB_Final.pdf...
Unzipping U_RDTE_JustificationBook_Defense_Technical_Information_Center_PB_2018.zzz...
Unzipping U_RDTE_MasterJustificationBook_Defense_Technical_Information_Center_PB_2018.zzz...
=====================================================================================
Creating folder /Users/jobrieniii/dod-2018-basebudget-justification-books/RDTE/2018/DTRA
-------------------------------------------------------------------------------------
Getting http://comptroller.defense.gov/Portals/45/Documents/defbudget/FY2018/budget_justification/pdfs/03_RDT_and_E/U_RDTE_MasterJustificationBook_Defense_Threat_Reduction_Agency_PB_2018_1.pdf and putting into folder /Users/jobrieniii/dod-2018-basebudget-justification-books/RDTE/2018/DTRA...
curl --url http://comptroller.defense.gov/Portals/45/Documents/defbudget/FY2018/budget_justification/pdfs/03_RDT_and_E/U_RDTE_MasterJustificationBook_Defense_Threat_Reduction_Agency_PB_2018_1.pdf --output /Users/jobrieniii/dod-2018-basebudget-justification-books/RDTE/2018/DTRA/U_RDTE_MasterJustificationBook_Defense_Threat_Reduction_Agency_PB_2018_1.pdf
-------------------------------------------------------------------------------------
----FILE SUCCESSFULLY DOWNLOADED (10487020)----
-------------------------------------------------------------------------------------
Extracting attachments from /Users/jobrieniii/dod-2018-basebudget-justification-books/RDTE/2018/DTRA/U_RDTE_MasterJustificationBook_Defense_Threat_Reduction_Agency_PB_2018_1.pdf...
Unzipping U_RDTE_JustificationBook_Defense_Threat_Reduction_Agency_PB_2018.zzz...
Unzipping U_RDTE_MasterJustificationBook_Defense_Threat_Reduction_Agency_PB_2018.zzz...
=====================================================================================
Creating folder /Users/jobrieniii/dod-2018-basebudget-justification-books/RDTE/2018/OTANDE
-------------------------------------------------------------------------------------
Getting http://comptroller.defense.gov/Portals/45/Documents/defbudget/FY2018/budget_justification/pdfs/03_RDT_and_E/OTE_0460D_FY18_PB_FINAL.pdf and putting into folder /Users/jobrieniii/dod-2018-basebudget-justification-books/RDTE/2018/OTANDE...
curl --url http://comptroller.defense.gov/Portals/45/Documents/defbudget/FY2018/budget_justification/pdfs/03_RDT_and_E/OTE_0460D_FY18_PB_FINAL.pdf --output /Users/jobrieniii/dod-2018-basebudget-justification-books/RDTE/2018/OTANDE/OTE_0460D_FY18_PB_FINAL.pdf
-------------------------------------------------------------------------------------
----FILE SUCCESSFULLY DOWNLOADED (2396553)----
-------------------------------------------------------------------------------------
Extracting attachments from /Users/jobrieniii/dod-2018-basebudget-justification-books/RDTE/2018/OTANDE/OTE_0460D_FY18_PB_FINAL.pdf...
Unzipping U_RDTE_JustificationBook_Operational_Test_and_Evaluation,_Defense_PB_2018.zzz...
Unzipping U_RDTE_MasterJustificationBook_Operational_Test_and_Evaluation,_Defense_PB_2018.zzz...
=====================================================================================
Creating folder /Users/jobrieniii/dod-2018-basebudget-justification-books/RDTE/2018/TJS
-------------------------------------------------------------------------------------
Getting http://comptroller.defense.gov/Portals/45/Documents/defbudget/FY2018/budget_justification/pdfs/03_RDT_and_E/TJS_0400D_FY18_PB_FINAL.pdf and putting into folder /Users/jobrieniii/dod-2018-basebudget-justification-books/RDTE/2018/TJS...
curl --url http://comptroller.defense.gov/Portals/45/Documents/defbudget/FY2018/budget_justification/pdfs/03_RDT_and_E/TJS_0400D_FY18_PB_FINAL.pdf --output /Users/jobrieniii/dod-2018-basebudget-justification-books/RDTE/2018/TJS/TJS_0400D_FY18_PB_FINAL.pdf
-------------------------------------------------------------------------------------
----FILE SUCCESSFULLY DOWNLOADED (5320908)----
-------------------------------------------------------------------------------------
Extracting attachments from /Users/jobrieniii/dod-2018-basebudget-justification-books/RDTE/2018/TJS/TJS_0400D_FY18_PB_FINAL.pdf...
Unzipping U_RDTE_JustificationBook_The_Joint_Staff_PB_2018.zzz...
Unzipping U_RDTE_MasterJustificationBook_The_Joint_Staff_PB_2018.zzz...
=====================================================================================
Creating folder /Users/jobrieniii/dod-2018-basebudget-justification-books/RDTE/2018/SOCOM
-------------------------------------------------------------------------------------
Getting http://comptroller.defense.gov/Portals/45/Documents/defbudget/FY2018/budget_justification/pdfs/03_RDT_and_E/SOCOM_0400D_FY18PB.pdf and putting into folder /Users/jobrieniii/dod-2018-basebudget-justification-books/RDTE/2018/SOCOM...
curl --url http://comptroller.defense.gov/Portals/45/Documents/defbudget/FY2018/budget_justification/pdfs/03_RDT_and_E/SOCOM_0400D_FY18PB.pdf --output /Users/jobrieniii/dod-2018-basebudget-justification-books/RDTE/2018/SOCOM/SOCOM_0400D_FY18PB.pdf
-------------------------------------------------------------------------------------
----FILE SUCCESSFULLY DOWNLOADED (42914773)----
-------------------------------------------------------------------------------------
Extracting attachments from /Users/jobrieniii/dod-2018-basebudget-justification-books/RDTE/2018/SOCOM/SOCOM_0400D_FY18PB.pdf...
Unzipping U_RDTE_JustificationBook_United_States_Special_Operations_Command_PB_2018.zzz...
Unzipping U_RDTE_MasterJustificationBook_United_States_Special_Operations_Command_PB_2018.zzz...
=====================================================================================
Creating folder /Users/jobrieniii/dod-2018-basebudget-justification-books/RDTE/2018/WHS
-------------------------------------------------------------------------------------
Getting http://comptroller.defense.gov/Portals/45/Documents/defbudget/FY2018/budget_justification/pdfs/03_RDT_and_E/WHS_0400D_FY18_PB_FINAL.pdf and putting into folder /Users/jobrieniii/dod-2018-basebudget-justification-books/RDTE/2018/WHS...
curl --url http://comptroller.defense.gov/Portals/45/Documents/defbudget/FY2018/budget_justification/pdfs/03_RDT_and_E/WHS_0400D_FY18_PB_FINAL.pdf --output /Users/jobrieniii/dod-2018-basebudget-justification-books/RDTE/2018/WHS/WHS_0400D_FY18_PB_FINAL.pdf
-------------------------------------------------------------------------------------
----FILE SUCCESSFULLY DOWNLOADED (1178334)----
-------------------------------------------------------------------------------------
Extracting attachments from /Users/jobrieniii/dod-2018-basebudget-justification-books/RDTE/2018/WHS/WHS_0400D_FY18_PB_FINAL.pdf...
Unzipping U_RDTE_JustificationBook_Washington_Headquarters_Service_PB_2018.zzz...
Unzipping U_RDTE_MasterJustificationBook_Washington_Headquarters_Service_PB_2018.zzz...
=====================================================================================
